mode: set
github.com/kevensen/gollama-chat/cmd/main.go:15.13,20.16 3 0
github.com/kevensen/gollama-chat/cmd/main.go:20.16,22.3 1 0
github.com/kevensen/gollama-chat/cmd/main.go:25.2,38.41 3 0
github.com/kevensen/gollama-chat/cmd/main.go:38.41,41.3 2 0
github.com/kevensen/gollama-chat/internal/configuration/configuration.go:26.30,39.2 1 1
github.com/kevensen/gollama-chat/internal/configuration/configuration.go:42.37,45.22 2 0
github.com/kevensen/gollama-chat/internal/configuration/configuration.go:46.17,48.22 2 0
github.com/kevensen/gollama-chat/internal/configuration/configuration.go:48.22,50.4 1 0
github.com/kevensen/gollama-chat/internal/configuration/configuration.go:51.10,53.22 2 0
github.com/kevensen/gollama-chat/internal/configuration/configuration.go:53.22,55.18 2 0
github.com/kevensen/gollama-chat/internal/configuration/configuration.go:55.18,57.5 1 0
github.com/kevensen/gollama-chat/internal/configuration/configuration.go:58.4,58.49 1 0
github.com/kevensen/gollama-chat/internal/configuration/configuration.go:62.2,62.49 1 0
github.com/kevensen/gollama-chat/internal/configuration/configuration.go:66.38,68.16 2 0
github.com/kevensen/gollama-chat/internal/configuration/configuration.go:68.16,70.3 1 0
github.com/kevensen/gollama-chat/internal/configuration/configuration.go:71.2,71.55 1 0
github.com/kevensen/gollama-chat/internal/configuration/configuration.go:76.30,78.16 2 0
github.com/kevensen/gollama-chat/internal/configuration/configuration.go:78.16,80.3 1 0
github.com/kevensen/gollama-chat/internal/configuration/configuration.go:83.2,83.55 1 0
github.com/kevensen/gollama-chat/internal/configuration/configuration.go:83.55,85.3 1 0
github.com/kevensen/gollama-chat/internal/configuration/configuration.go:87.2,88.16 2 0
github.com/kevensen/gollama-chat/internal/configuration/configuration.go:88.16,90.3 1 0
github.com/kevensen/gollama-chat/internal/configuration/configuration.go:92.2,93.54 2 0
github.com/kevensen/gollama-chat/internal/configuration/configuration.go:93.54,95.3 1 0
github.com/kevensen/gollama-chat/internal/configuration/configuration.go:98.2,100.21 2 0
github.com/kevensen/gollama-chat/internal/configuration/configuration.go:105.40,109.33 2 0
github.com/kevensen/gollama-chat/internal/configuration/configuration.go:109.33,111.3 1 0
github.com/kevensen/gollama-chat/internal/configuration/configuration.go:117.31,119.16 2 0
github.com/kevensen/gollama-chat/internal/configuration/configuration.go:119.16,121.3 1 0
github.com/kevensen/gollama-chat/internal/configuration/configuration.go:124.2,124.53 1 0
github.com/kevensen/gollama-chat/internal/configuration/configuration.go:124.53,126.3 1 0
github.com/kevensen/gollama-chat/internal/configuration/configuration.go:128.2,129.16 2 0
github.com/kevensen/gollama-chat/internal/configuration/configuration.go:129.16,131.3 1 0
github.com/kevensen/gollama-chat/internal/configuration/configuration.go:133.2,134.16 2 0
github.com/kevensen/gollama-chat/internal/configuration/configuration.go:134.16,136.3 1 0
github.com/kevensen/gollama-chat/internal/configuration/configuration.go:138.2,138.61 1 0
github.com/kevensen/gollama-chat/internal/configuration/configuration.go:138.61,140.3 1 0
github.com/kevensen/gollama-chat/internal/configuration/configuration.go:142.2,142.12 1 0
github.com/kevensen/gollama-chat/internal/configuration/configuration.go:146.35,147.23 1 1
github.com/kevensen/gollama-chat/internal/configuration/configuration.go:147.23,149.3 1 1
github.com/kevensen/gollama-chat/internal/configuration/configuration.go:150.2,150.23 1 1
github.com/kevensen/gollama-chat/internal/configuration/configuration.go:150.23,152.3 1 1
github.com/kevensen/gollama-chat/internal/configuration/configuration.go:153.2,153.28 1 1
github.com/kevensen/gollama-chat/internal/configuration/configuration.go:153.28,155.3 1 1
github.com/kevensen/gollama-chat/internal/configuration/configuration.go:156.2,156.41 1 1
github.com/kevensen/gollama-chat/internal/configuration/configuration.go:156.41,158.3 1 1
github.com/kevensen/gollama-chat/internal/configuration/configuration.go:159.2,159.54 1 1
github.com/kevensen/gollama-chat/internal/configuration/configuration.go:159.54,161.3 1 1
github.com/kevensen/gollama-chat/internal/configuration/configuration.go:162.2,162.25 1 1
github.com/kevensen/gollama-chat/internal/configuration/configuration.go:162.25,164.3 1 1
github.com/kevensen/gollama-chat/internal/configuration/configuration.go:165.2,165.12 1 1
github.com/kevensen/gollama-chat/internal/configuration/models/models.go:62.39,74.2 1 0
github.com/kevensen/gollama-chat/internal/configuration/models/models.go:77.47,79.47 2 0
github.com/kevensen/gollama-chat/internal/configuration/models/models.go:79.47,81.3 1 0
github.com/kevensen/gollama-chat/internal/configuration/models/models.go:82.2,82.10 1 0
github.com/kevensen/gollama-chat/internal/configuration/models/models.go:86.49,90.2 3 0
github.com/kevensen/gollama-chat/internal/configuration/models/models.go:93.47,102.2 8 0
github.com/kevensen/gollama-chat/internal/configuration/models/models.go:105.31,106.52 1 0
github.com/kevensen/gollama-chat/internal/configuration/models/models.go:106.52,108.3 1 0
github.com/kevensen/gollama-chat/internal/configuration/models/models.go:109.2,109.12 1 0
github.com/kevensen/gollama-chat/internal/configuration/models/models.go:113.53,114.27 1 0
github.com/kevensen/gollama-chat/internal/configuration/models/models.go:115.23,116.23 1 0
github.com/kevensen/gollama-chat/internal/configuration/models/models.go:116.23,119.4 2 0
github.com/kevensen/gollama-chat/internal/configuration/models/models.go:119.9,123.4 3 0
github.com/kevensen/gollama-chat/internal/configuration/models/models.go:125.18,126.17 1 0
github.com/kevensen/gollama-chat/internal/configuration/models/models.go:126.17,128.4 1 0
github.com/kevensen/gollama-chat/internal/configuration/models/models.go:130.3,130.23 1 0
github.com/kevensen/gollama-chat/internal/configuration/models/models.go:131.18,132.20 1 0
github.com/kevensen/gollama-chat/internal/configuration/models/models.go:132.20,134.34 2 0
github.com/kevensen/gollama-chat/internal/configuration/models/models.go:134.34,136.6 1 0
github.com/kevensen/gollama-chat/internal/configuration/models/models.go:139.20,140.34 1 0
github.com/kevensen/gollama-chat/internal/configuration/models/models.go:140.34,143.51 3 0
github.com/kevensen/gollama-chat/internal/configuration/models/models.go:143.51,145.6 1 0
github.com/kevensen/gollama-chat/internal/configuration/models/models.go:148.16,149.89 1 0
github.com/kevensen/gollama-chat/internal/configuration/models/models.go:149.89,151.30 2 0
github.com/kevensen/gollama-chat/internal/configuration/models/models.go:151.30,153.6 1 0
github.com/kevensen/gollama-chat/internal/configuration/models/models.go:156.12,160.28 3 0
github.com/kevensen/gollama-chat/internal/configuration/models/models.go:164.2,164.15 1 0
github.com/kevensen/gollama-chat/internal/configuration/models/models.go:168.30,169.16 1 0
github.com/kevensen/gollama-chat/internal/configuration/models/models.go:169.16,171.3 1 0
github.com/kevensen/gollama-chat/internal/configuration/models/models.go:173.2,184.22 4 0
github.com/kevensen/gollama-chat/internal/configuration/models/models.go:185.25,189.74 2 0
github.com/kevensen/gollama-chat/internal/configuration/models/models.go:191.23,198.68 5 0
github.com/kevensen/gollama-chat/internal/configuration/models/models.go:200.24,201.25 1 0
github.com/kevensen/gollama-chat/internal/configuration/models/models.go:201.25,206.4 2 0
github.com/kevensen/gollama-chat/internal/configuration/models/models.go:206.9,212.4 5 0
github.com/kevensen/gollama-chat/internal/configuration/models/models.go:214.10,219.89 2 0
github.com/kevensen/gollama-chat/internal/configuration/models/models.go:223.2,232.38 3 0
github.com/kevensen/gollama-chat/internal/configuration/models/models.go:236.43,242.25 5 0
github.com/kevensen/gollama-chat/internal/configuration/models/models.go:242.25,244.3 1 0
github.com/kevensen/gollama-chat/internal/configuration/models/models.go:246.2,246.31 1 0
github.com/kevensen/gollama-chat/internal/configuration/models/models.go:246.31,250.3 3 0
github.com/kevensen/gollama-chat/internal/configuration/models/models.go:253.2,253.24 1 0
github.com/kevensen/gollama-chat/internal/configuration/models/models.go:253.24,256.3 2 0
github.com/kevensen/gollama-chat/internal/configuration/models/models.go:258.2,258.25 1 0
github.com/kevensen/gollama-chat/internal/configuration/models/models.go:258.25,261.3 2 0
github.com/kevensen/gollama-chat/internal/configuration/models/models.go:263.2,263.14 1 0
github.com/kevensen/gollama-chat/internal/configuration/models/models.go:267.75,270.16 2 0
github.com/kevensen/gollama-chat/internal/configuration/models/models.go:270.16,275.3 1 0
github.com/kevensen/gollama-chat/internal/configuration/models/models.go:275.8,278.3 1 0
github.com/kevensen/gollama-chat/internal/configuration/models/models.go:281.2,283.31 3 0
github.com/kevensen/gollama-chat/internal/configuration/models/models.go:283.31,285.3 1 0
github.com/kevensen/gollama-chat/internal/configuration/models/models.go:287.2,288.16 2 0
github.com/kevensen/gollama-chat/internal/configuration/models/models.go:288.16,290.3 1 0
github.com/kevensen/gollama-chat/internal/configuration/models/models.go:292.2,292.46 1 0
github.com/kevensen/gollama-chat/internal/configuration/models/models.go:296.37,297.32 1 0
github.com/kevensen/gollama-chat/internal/configuration/models/models.go:297.32,300.17 3 0
github.com/kevensen/gollama-chat/internal/configuration/models/models.go:300.17,305.4 1 0
github.com/kevensen/gollama-chat/internal/configuration/models/models.go:306.3,308.39 2 0
github.com/kevensen/gollama-chat/internal/configuration/models/models.go:308.39,313.4 1 0
github.com/kevensen/gollama-chat/internal/configuration/models/models.go:315.3,316.70 2 0
github.com/kevensen/gollama-chat/internal/configuration/models/models.go:316.70,321.4 1 0
github.com/kevensen/gollama-chat/internal/configuration/models/models.go:323.3,326.4 1 0
github.com/kevensen/gollama-chat/internal/configuration/models/models.go:331.33,333.2 1 0
github.com/kevensen/gollama-chat/internal/configuration/models/models.go:336.42,337.87 1 0
github.com/kevensen/gollama-chat/internal/configuration/models/models.go:337.87,339.3 1 0
github.com/kevensen/gollama-chat/internal/configuration/models/models.go:340.2,340.11 1 0
github.com/kevensen/gollama-chat/internal/rag/service.go:41.56,47.2 1 1
github.com/kevensen/gollama-chat/internal/rag/service.go:50.57,51.32 1 0
github.com/kevensen/gollama-chat/internal/rag/service.go:51.32,53.3 1 0
github.com/kevensen/gollama-chat/internal/rag/service.go:56.2,57.16 2 0
github.com/kevensen/gollama-chat/internal/rag/service.go:57.16,59.3 1 0
github.com/kevensen/gollama-chat/internal/rag/service.go:62.2,66.16 4 0
github.com/kevensen/gollama-chat/internal/rag/service.go:66.16,68.3 1 0
github.com/kevensen/gollama-chat/internal/rag/service.go:71.2,75.16 2 0
github.com/kevensen/gollama-chat/internal/rag/service.go:75.16,77.3 1 0
github.com/kevensen/gollama-chat/internal/rag/service.go:79.2,83.12 4 0
github.com/kevensen/gollama-chat/internal/rag/service.go:87.82,89.56 2 0
github.com/kevensen/gollama-chat/internal/rag/service.go:89.56,90.15 1 0
github.com/kevensen/gollama-chat/internal/rag/service.go:90.15,92.4 1 0
github.com/kevensen/gollama-chat/internal/rag/service.go:97.34,99.2 1 1
github.com/kevensen/gollama-chat/internal/rag/service.go:102.89,103.18 1 0
github.com/kevensen/gollama-chat/internal/rag/service.go:103.18,105.3 1 0
github.com/kevensen/gollama-chat/internal/rag/service.go:107.2,107.26 1 0
github.com/kevensen/gollama-chat/internal/rag/service.go:107.26,109.3 1 0
github.com/kevensen/gollama-chat/internal/rag/service.go:111.2,111.37 1 0
github.com/kevensen/gollama-chat/internal/rag/service.go:111.37,113.3 1 0
github.com/kevensen/gollama-chat/internal/rag/service.go:115.2,121.55 2 0
github.com/kevensen/gollama-chat/internal/rag/service.go:121.55,123.17 2 0
github.com/kevensen/gollama-chat/internal/rag/service.go:123.17,125.12 1 0
github.com/kevensen/gollama-chat/internal/rag/service.go:127.3,127.55 1 0
github.com/kevensen/gollama-chat/internal/rag/service.go:131.2,131.51 1 0
github.com/kevensen/gollama-chat/internal/rag/service.go:131.51,133.3 1 0
github.com/kevensen/gollama-chat/internal/rag/service.go:136.2,136.51 1 0
github.com/kevensen/gollama-chat/internal/rag/service.go:136.51,138.3 1 0
github.com/kevensen/gollama-chat/internal/rag/service.go:140.2,140.20 1 0
github.com/kevensen/gollama-chat/internal/rag/service.go:144.115,147.16 2 0
github.com/kevensen/gollama-chat/internal/rag/service.go:147.16,149.3 1 0
github.com/kevensen/gollama-chat/internal/rag/service.go:152.2,158.16 2 0
github.com/kevensen/gollama-chat/internal/rag/service.go:158.16,160.3 1 0
github.com/kevensen/gollama-chat/internal/rag/service.go:162.2,165.64 2 0
github.com/kevensen/gollama-chat/internal/rag/service.go:165.64,166.29 1 0
github.com/kevensen/gollama-chat/internal/rag/service.go:166.29,169.127 2 0
github.com/kevensen/gollama-chat/internal/rag/service.go:169.127,171.5 1 0
github.com/kevensen/gollama-chat/internal/rag/service.go:174.4,174.53 1 0
github.com/kevensen/gollama-chat/internal/rag/service.go:174.53,175.13 1 0
github.com/kevensen/gollama-chat/internal/rag/service.go:179.4,180.127 2 0
github.com/kevensen/gollama-chat/internal/rag/service.go:180.127,182.27 2 0
github.com/kevensen/gollama-chat/internal/rag/service.go:182.27,184.64 1 0
github.com/kevensen/gollama-chat/internal/rag/service.go:184.64,185.39 1 0
github.com/kevensen/gollama-chat/internal/rag/service.go:185.39,186.61 1 0
github.com/kevensen/gollama-chat/internal/rag/service.go:186.61,188.9 1 0
github.com/kevensen/gollama-chat/internal/rag/service.go:195.4,196.102 2 0
github.com/kevensen/gollama-chat/internal/rag/service.go:196.102,198.5 1 0
github.com/kevensen/gollama-chat/internal/rag/service.go:200.4,206.6 1 0
github.com/kevensen/gollama-chat/internal/rag/service.go:210.2,210.23 1 0
github.com/kevensen/gollama-chat/internal/rag/service.go:214.55,215.27 1 0
github.com/kevensen/gollama-chat/internal/rag/service.go:215.27,217.3 1 0
github.com/kevensen/gollama-chat/internal/rag/service.go:219.2,223.34 4 0
github.com/kevensen/gollama-chat/internal/rag/service.go:223.34,226.3 2 0
github.com/kevensen/gollama-chat/internal/rag/service.go:228.2,231.15 3 0
github.com/kevensen/gollama-chat/internal/tui/tabs/configuration/models/models.go:58.23,68.2 1 0
github.com/kevensen/gollama-chat/internal/tui/tabs/configuration/models/models.go:71.31,73.2 1 0
github.com/kevensen/gollama-chat/internal/tui/tabs/configuration/models/models.go:76.67,82.2 5 0
github.com/kevensen/gollama-chat/internal/tui/tabs/configuration/models/models.go:85.49,89.2 3 0
github.com/kevensen/gollama-chat/internal/tui/tabs/configuration/models/models.go:92.44,93.32 1 0
github.com/kevensen/gollama-chat/internal/tui/tabs/configuration/models/models.go:93.32,96.17 3 0
github.com/kevensen/gollama-chat/internal/tui/tabs/configuration/models/models.go:96.17,101.4 1 0
github.com/kevensen/gollama-chat/internal/tui/tabs/configuration/models/models.go:102.3,104.39 2 0
github.com/kevensen/gollama-chat/internal/tui/tabs/configuration/models/models.go:104.39,109.4 1 0
github.com/kevensen/gollama-chat/internal/tui/tabs/configuration/models/models.go:111.3,112.70 2 0
github.com/kevensen/gollama-chat/internal/tui/tabs/configuration/models/models.go:112.70,117.4 1 0
github.com/kevensen/gollama-chat/internal/tui/tabs/configuration/models/models.go:119.3,122.4 1 0
github.com/kevensen/gollama-chat/internal/tui/tabs/configuration/models/models.go:127.53,128.16 1 0
github.com/kevensen/gollama-chat/internal/tui/tabs/configuration/models/models.go:128.16,130.3 1 0
github.com/kevensen/gollama-chat/internal/tui/tabs/configuration/models/models.go:132.2,132.27 1 0
github.com/kevensen/gollama-chat/internal/tui/tabs/configuration/models/models.go:133.22,135.23 2 0
github.com/kevensen/gollama-chat/internal/tui/tabs/configuration/models/models.go:135.23,138.4 2 0
github.com/kevensen/gollama-chat/internal/tui/tabs/configuration/models/models.go:138.9,141.4 2 0
github.com/kevensen/gollama-chat/internal/tui/tabs/configuration/models/models.go:142.3,144.17 3 0
github.com/kevensen/gollama-chat/internal/tui/tabs/configuration/models/models.go:146.18,147.23 1 0
github.com/kevensen/gollama-chat/internal/tui/tabs/configuration/models/models.go:148.13,149.20 1 0
github.com/kevensen/gollama-chat/internal/tui/tabs/configuration/models/models.go:149.20,151.30 2 0
github.com/kevensen/gollama-chat/internal/tui/tabs/configuration/models/models.go:151.30,153.6 1 0
github.com/kevensen/gollama-chat/internal/tui/tabs/configuration/models/models.go:156.15,157.42 1 0
github.com/kevensen/gollama-chat/internal/tui/tabs/configuration/models/models.go:157.42,159.42 2 0
github.com/kevensen/gollama-chat/internal/tui/tabs/configuration/models/models.go:159.42,161.6 1 0
github.com/kevensen/gollama-chat/internal/tui/tabs/configuration/models/models.go:164.16,165.33 1 0
github.com/kevensen/gollama-chat/internal/tui/tabs/configuration/models/models.go:165.33,167.38 2 0
github.com/kevensen/gollama-chat/internal/tui/tabs/configuration/models/models.go:167.38,172.6 1 0
github.com/kevensen/gollama-chat/internal/tui/tabs/configuration/models/models.go:177.2,177.15 1 0
github.com/kevensen/gollama-chat/internal/tui/tabs/configuration/models/models.go:187.65,190.31 2 0
github.com/kevensen/gollama-chat/internal/tui/tabs/configuration/models/models.go:190.31,192.98 1 0
github.com/kevensen/gollama-chat/internal/tui/tabs/configuration/models/models.go:192.98,193.12 1 0
github.com/kevensen/gollama-chat/internal/tui/tabs/configuration/models/models.go:197.3,197.17 1 0
github.com/kevensen/gollama-chat/internal/tui/tabs/configuration/models/models.go:198.32,200.62 1 0
github.com/kevensen/gollama-chat/internal/tui/tabs/configuration/models/models.go:200.62,202.5 1 0
github.com/kevensen/gollama-chat/internal/tui/tabs/configuration/models/models.go:203.11,205.63 1 0
github.com/kevensen/gollama-chat/internal/tui/tabs/configuration/models/models.go:205.63,207.5 1 0
github.com/kevensen/gollama-chat/internal/tui/tabs/configuration/models/models.go:211.2,211.17 1 0
github.com/kevensen/gollama-chat/internal/tui/tabs/configuration/models/models.go:215.30,216.16 1 0
github.com/kevensen/gollama-chat/internal/tui/tabs/configuration/models/models.go:216.16,218.3 1 0
github.com/kevensen/gollama-chat/internal/tui/tabs/configuration/models/models.go:220.2,224.16 3 0
github.com/kevensen/gollama-chat/internal/tui/tabs/configuration/models/models.go:225.26,226.30 1 0
github.com/kevensen/gollama-chat/internal/tui/tabs/configuration/models/models.go:227.31,228.35 1 0
github.com/kevensen/gollama-chat/internal/tui/tabs/configuration/models/models.go:231.2,240.15 4 0
github.com/kevensen/gollama-chat/internal/tui/tabs/configuration/models/models.go:240.15,245.3 2 0
github.com/kevensen/gollama-chat/internal/tui/tabs/configuration/models/models.go:245.8,245.27 1 0
github.com/kevensen/gollama-chat/internal/tui/tabs/configuration/models/models.go:245.27,252.3 4 0
github.com/kevensen/gollama-chat/internal/tui/tabs/configuration/models/models.go:252.8,252.39 1 0
github.com/kevensen/gollama-chat/internal/tui/tabs/configuration/models/models.go:252.39,257.3 2 0
github.com/kevensen/gollama-chat/internal/tui/tabs/configuration/models/models.go:257.8,261.34 3 0
github.com/kevensen/gollama-chat/internal/tui/tabs/configuration/models/models.go:261.34,263.4 1 0
github.com/kevensen/gollama-chat/internal/tui/tabs/configuration/models/models.go:265.3,265.32 1 0
github.com/kevensen/gollama-chat/internal/tui/tabs/configuration/models/models.go:265.32,269.21 3 0
github.com/kevensen/gollama-chat/internal/tui/tabs/configuration/models/models.go:269.21,275.5 1 0
github.com/kevensen/gollama-chat/internal/tui/tabs/configuration/models/models.go:275.10,279.5 1 0
github.com/kevensen/gollama-chat/internal/tui/tabs/configuration/models/models.go:282.4,284.54 3 0
github.com/kevensen/gollama-chat/internal/tui/tabs/configuration/models/models.go:288.3,288.41 1 0
github.com/kevensen/gollama-chat/internal/tui/tabs/configuration/models/models.go:288.41,295.4 4 0
github.com/kevensen/gollama-chat/internal/tui/tabs/configuration/models/models.go:299.2,313.55 5 0
github.com/kevensen/gollama-chat/internal/tui/tabs/configuration/models/models.go:317.37,319.18 2 0
github.com/kevensen/gollama-chat/internal/tui/tabs/configuration/models/models.go:319.18,321.3 1 0
github.com/kevensen/gollama-chat/internal/tui/tabs/configuration/models/models.go:322.2,323.46 2 0
github.com/kevensen/gollama-chat/internal/tui/tabs/configuration/models/models.go:323.46,326.3 2 0
github.com/kevensen/gollama-chat/internal/tui/tabs/configuration/models/models.go:327.2,327.76 1 0
github.com/kevensen/gollama-chat/internal/tui/tabs/configuration/utils/connection/connection.go:29.39,30.32 1 0
github.com/kevensen/gollama-chat/internal/tui/tabs/configuration/utils/connection/connection.go:30.32,33.17 3 0
github.com/kevensen/gollama-chat/internal/tui/tabs/configuration/utils/connection/connection.go:33.17,39.4 1 0
github.com/kevensen/gollama-chat/internal/tui/tabs/configuration/utils/connection/connection.go:40.3,42.39 2 0
github.com/kevensen/gollama-chat/internal/tui/tabs/configuration/utils/connection/connection.go:42.39,48.4 1 0
github.com/kevensen/gollama-chat/internal/tui/tabs/configuration/utils/connection/connection.go:50.3,54.4 1 0
github.com/kevensen/gollama-chat/internal/tui/tabs/configuration/utils/connection/connection.go:59.41,60.32 1 0
github.com/kevensen/gollama-chat/internal/tui/tabs/configuration/utils/connection/connection.go:60.32,63.17 3 0
github.com/kevensen/gollama-chat/internal/tui/tabs/configuration/utils/connection/connection.go:63.17,69.4 1 0
github.com/kevensen/gollama-chat/internal/tui/tabs/configuration/utils/connection/connection.go:70.3,72.39 2 0
github.com/kevensen/gollama-chat/internal/tui/tabs/configuration/utils/connection/connection.go:72.39,78.4 1 0
github.com/kevensen/gollama-chat/internal/tui/tabs/configuration/utils/connection/connection.go:80.3,84.4 1 0
github.com/kevensen/gollama-chat/internal/tui/tabs/configuration/configuration.go:55.51,86.2 3 0
github.com/kevensen/gollama-chat/internal/tui/tabs/configuration/configuration.go:89.31,95.2 1 0
github.com/kevensen/gollama-chat/internal/tui/tabs/configuration/configuration.go:98.57,99.27 1 0
github.com/kevensen/gollama-chat/internal/tui/tabs/configuration/configuration.go:100.25,106.63 5 0
github.com/kevensen/gollama-chat/internal/tui/tabs/configuration/configuration.go:108.27,109.21 1 0
github.com/kevensen/gollama-chat/internal/tui/tabs/configuration/configuration.go:110.17,111.31 1 0
github.com/kevensen/gollama-chat/internal/tui/tabs/configuration/configuration.go:112.19,113.33 1 0
github.com/kevensen/gollama-chat/internal/tui/tabs/configuration/configuration.go:116.29,119.16 3 0
github.com/kevensen/gollama-chat/internal/tui/tabs/configuration/configuration.go:121.31,123.19 1 0
github.com/kevensen/gollama-chat/internal/tui/tabs/configuration/configuration.go:124.34,125.42 1 0
github.com/kevensen/gollama-chat/internal/tui/tabs/configuration/configuration.go:126.39,127.47 1 0
github.com/kevensen/gollama-chat/internal/tui/tabs/configuration/configuration.go:129.3,132.70 2 0
github.com/kevensen/gollama-chat/internal/tui/tabs/configuration/configuration.go:132.70,136.4 3 0
github.com/kevensen/gollama-chat/internal/tui/tabs/configuration/configuration.go:136.9,140.4 3 0
github.com/kevensen/gollama-chat/internal/tui/tabs/configuration/configuration.go:142.18,143.16 1 0
github.com/kevensen/gollama-chat/internal/tui/tabs/configuration/configuration.go:143.16,145.4 1 0
github.com/kevensen/gollama-chat/internal/tui/tabs/configuration/configuration.go:145.9,147.4 1 0
github.com/kevensen/gollama-chat/internal/tui/tabs/configuration/configuration.go:150.2,150.15 1 0
github.com/kevensen/gollama-chat/internal/tui/tabs/configuration/configuration.go:154.74,156.22 1 0
github.com/kevensen/gollama-chat/internal/tui/tabs/configuration/configuration.go:156.22,157.23 1 0
github.com/kevensen/gollama-chat/internal/tui/tabs/configuration/configuration.go:158.14,161.17 2 0
github.com/kevensen/gollama-chat/internal/tui/tabs/configuration/configuration.go:162.11,166.17 3 0
github.com/kevensen/gollama-chat/internal/tui/tabs/configuration/configuration.go:170.2,170.22 1 0
github.com/kevensen/gollama-chat/internal/tui/tabs/configuration/configuration.go:171.17,172.24 1 0
github.com/kevensen/gollama-chat/internal/tui/tabs/configuration/configuration.go:172.24,174.4 1 0
github.com/kevensen/gollama-chat/internal/tui/tabs/configuration/configuration.go:176.19,177.36 1 0
github.com/kevensen/gollama-chat/internal/tui/tabs/configuration/configuration.go:177.36,179.4 1 0
github.com/kevensen/gollama-chat/internal/tui/tabs/configuration/configuration.go:181.20,183.78 1 0
github.com/kevensen/gollama-chat/internal/tui/tabs/configuration/configuration.go:183.78,184.52 1 0
github.com/kevensen/gollama-chat/internal/tui/tabs/configuration/configuration.go:184.52,186.40 2 0
github.com/kevensen/gollama-chat/internal/tui/tabs/configuration/configuration.go:186.40,188.6 1 0
github.com/kevensen/gollama-chat/internal/tui/tabs/configuration/configuration.go:188.11,190.6 1 0
github.com/kevensen/gollama-chat/internal/tui/tabs/configuration/configuration.go:192.5,196.57 3 0
github.com/kevensen/gollama-chat/internal/tui/tabs/configuration/configuration.go:197.10,200.5 2 0
github.com/kevensen/gollama-chat/internal/tui/tabs/configuration/configuration.go:201.9,206.4 3 0
github.com/kevensen/gollama-chat/internal/tui/tabs/configuration/configuration.go:208.16,210.31 1 0
github.com/kevensen/gollama-chat/internal/tui/tabs/configuration/configuration.go:212.16,217.70 2 0
github.com/kevensen/gollama-chat/internal/tui/tabs/configuration/configuration.go:217.70,221.4 3 0
github.com/kevensen/gollama-chat/internal/tui/tabs/configuration/configuration.go:221.9,225.4 3 0
github.com/kevensen/gollama-chat/internal/tui/tabs/configuration/configuration.go:228.2,228.15 1 0
github.com/kevensen/gollama-chat/internal/tui/tabs/configuration/configuration.go:232.71,233.22 1 0
github.com/kevensen/gollama-chat/internal/tui/tabs/configuration/configuration.go:234.15,236.57 1 0
github.com/kevensen/gollama-chat/internal/tui/tabs/configuration/configuration.go:236.57,239.4 2 0
github.com/kevensen/gollama-chat/internal/tui/tabs/configuration/configuration.go:239.9,242.22 2 0
github.com/kevensen/gollama-chat/internal/tui/tabs/configuration/configuration.go:242.22,247.5 4 0
github.com/kevensen/gollama-chat/internal/tui/tabs/configuration/configuration.go:247.10,250.5 2 0
github.com/kevensen/gollama-chat/internal/tui/tabs/configuration/configuration.go:253.4,259.25 4 0
github.com/kevensen/gollama-chat/internal/tui/tabs/configuration/configuration.go:260.24,262.58 2 0
github.com/kevensen/gollama-chat/internal/tui/tabs/configuration/configuration.go:263.26,265.62 2 0
github.com/kevensen/gollama-chat/internal/tui/tabs/configuration/configuration.go:269.4,269.18 1 0
github.com/kevensen/gollama-chat/internal/tui/tabs/configuration/configuration.go:269.18,271.5 1 0
github.com/kevensen/gollama-chat/internal/tui/tabs/configuration/configuration.go:273.4,275.32 3 0
github.com/kevensen/gollama-chat/internal/tui/tabs/configuration/configuration.go:277.3,278.15 2 0
github.com/kevensen/gollama-chat/internal/tui/tabs/configuration/configuration.go:280.13,283.15 2 0
github.com/kevensen/gollama-chat/internal/tui/tabs/configuration/configuration.go:285.19,286.19 1 0
github.com/kevensen/gollama-chat/internal/tui/tabs/configuration/configuration.go:286.19,289.4 2 0
github.com/kevensen/gollama-chat/internal/tui/tabs/configuration/configuration.go:291.14,292.19 1 0
github.com/kevensen/gollama-chat/internal/tui/tabs/configuration/configuration.go:292.19,294.4 1 0
github.com/kevensen/gollama-chat/internal/tui/tabs/configuration/configuration.go:296.15,297.30 1 0
github.com/kevensen/gollama-chat/internal/tui/tabs/configuration/configuration.go:297.30,299.4 1 0
github.com/kevensen/gollama-chat/internal/tui/tabs/configuration/configuration.go:301.14,302.15 1 0
github.com/kevensen/gollama-chat/internal/tui/tabs/configuration/configuration.go:304.13,305.26 1 0
github.com/kevensen/gollama-chat/internal/tui/tabs/configuration/configuration.go:307.10,309.29 1 0
github.com/kevensen/gollama-chat/internal/tui/tabs/configuration/configuration.go:309.29,312.4 2 0
github.com/kevensen/gollama-chat/internal/tui/tabs/configuration/configuration.go:315.2,315.15 1 0
github.com/kevensen/gollama-chat/internal/tui/tabs/configuration/configuration.go:319.30,320.35 1 0
github.com/kevensen/gollama-chat/internal/tui/tabs/configuration/configuration.go:320.35,322.3 1 0
github.com/kevensen/gollama-chat/internal/tui/tabs/configuration/configuration.go:325.2,325.22 1 0
github.com/kevensen/gollama-chat/internal/tui/tabs/configuration/configuration.go:325.22,327.3 1 0
github.com/kevensen/gollama-chat/internal/tui/tabs/configuration/configuration.go:330.2,330.36 1 0
github.com/kevensen/gollama-chat/internal/tui/tabs/configuration/configuration.go:334.46,346.2 4 0
github.com/kevensen/gollama-chat/internal/tui/tabs/configuration/configuration.go:349.49,351.2 1 0
github.com/kevensen/gollama-chat/internal/tui/tabs/configuration/configuration.go:354.67,385.31 6 0
github.com/kevensen/gollama-chat/internal/tui/tabs/configuration/configuration.go:385.31,388.3 2 0
github.com/kevensen/gollama-chat/internal/tui/tabs/configuration/configuration.go:391.2,396.15 4 0
github.com/kevensen/gollama-chat/internal/tui/tabs/configuration/configuration.go:396.15,398.3 1 0
github.com/kevensen/gollama-chat/internal/tui/tabs/configuration/configuration.go:400.2,400.22 1 0
github.com/kevensen/gollama-chat/internal/tui/tabs/configuration/configuration.go:400.22,402.3 1 0
github.com/kevensen/gollama-chat/internal/tui/tabs/configuration/configuration.go:404.2,404.21 1 0
github.com/kevensen/gollama-chat/internal/tui/tabs/configuration/configuration.go:404.21,407.3 2 0
github.com/kevensen/gollama-chat/internal/tui/tabs/configuration/configuration.go:410.2,413.23 4 0
github.com/kevensen/gollama-chat/internal/tui/tabs/configuration/configuration.go:413.23,415.3 1 0
github.com/kevensen/gollama-chat/internal/tui/tabs/configuration/configuration.go:417.2,424.59 2 0
github.com/kevensen/gollama-chat/internal/tui/tabs/configuration/configuration.go:428.75,436.14 5 0
github.com/kevensen/gollama-chat/internal/tui/tabs/configuration/configuration.go:436.14,443.3 2 0
github.com/kevensen/gollama-chat/internal/tui/tabs/configuration/configuration.go:446.2,447.15 2 0
github.com/kevensen/gollama-chat/internal/tui/tabs/configuration/configuration.go:447.15,449.36 2 0
github.com/kevensen/gollama-chat/internal/tui/tabs/configuration/configuration.go:449.36,450.37 1 0
github.com/kevensen/gollama-chat/internal/tui/tabs/configuration/configuration.go:450.37,452.5 1 0
github.com/kevensen/gollama-chat/internal/tui/tabs/configuration/configuration.go:452.10,454.5 1 0
github.com/kevensen/gollama-chat/internal/tui/tabs/configuration/configuration.go:459.2,460.15 2 0
github.com/kevensen/gollama-chat/internal/tui/tabs/configuration/configuration.go:461.22,462.67 1 0
github.com/kevensen/gollama-chat/internal/tui/tabs/configuration/configuration.go:463.24,464.69 1 0
github.com/kevensen/gollama-chat/internal/tui/tabs/configuration/configuration.go:468.2,469.27 2 0
github.com/kevensen/gollama-chat/internal/tui/tabs/configuration/configuration.go:469.27,471.3 1 0
github.com/kevensen/gollama-chat/internal/tui/tabs/configuration/configuration.go:473.2,473.14 1 0
github.com/kevensen/gollama-chat/internal/tui/tabs/configuration/configuration.go:473.14,478.3 2 0
github.com/kevensen/gollama-chat/internal/tui/tabs/configuration/configuration.go:480.2,480.18 1 0
github.com/kevensen/gollama-chat/internal/tui/tabs/configuration/configuration.go:484.78,487.16 2 0
github.com/kevensen/gollama-chat/internal/tui/tabs/configuration/configuration.go:488.34,490.21 2 0
github.com/kevensen/gollama-chat/internal/tui/tabs/configuration/configuration.go:491.37,493.20 2 0
github.com/kevensen/gollama-chat/internal/tui/tabs/configuration/configuration.go:494.33,496.21 2 0
github.com/kevensen/gollama-chat/internal/tui/tabs/configuration/configuration.go:497.10,499.22 2 0
github.com/kevensen/gollama-chat/internal/tui/tabs/configuration/configuration.go:502.2,503.39 2 0
github.com/kevensen/gollama-chat/internal/tui/tabs/configuration/configuration.go:507.46,508.23 1 0
github.com/kevensen/gollama-chat/internal/tui/tabs/configuration/configuration.go:509.22,510.32 1 0
github.com/kevensen/gollama-chat/internal/tui/tabs/configuration/configuration.go:511.27,512.37 1 0
github.com/kevensen/gollama-chat/internal/tui/tabs/configuration/configuration.go:513.23,514.52 1 0
github.com/kevensen/gollama-chat/internal/tui/tabs/configuration/configuration.go:515.22,516.32 1 0
github.com/kevensen/gollama-chat/internal/tui/tabs/configuration/configuration.go:517.24,518.34 1 0
github.com/kevensen/gollama-chat/internal/tui/tabs/configuration/configuration.go:519.29,520.60 1 0
github.com/kevensen/gollama-chat/internal/tui/tabs/configuration/configuration.go:521.25,522.54 1 0
github.com/kevensen/gollama-chat/internal/tui/tabs/configuration/configuration.go:523.21,524.50 1 0
github.com/kevensen/gollama-chat/internal/tui/tabs/configuration/configuration.go:525.32,526.42 1 0
github.com/kevensen/gollama-chat/internal/tui/tabs/configuration/configuration.go:527.10,528.12 1 0
github.com/kevensen/gollama-chat/internal/tui/tabs/configuration/configuration.go:533.57,534.23 1 0
github.com/kevensen/gollama-chat/internal/tui/tabs/configuration/configuration.go:535.22,536.37 1 0
github.com/kevensen/gollama-chat/internal/tui/tabs/configuration/configuration.go:536.37,538.4 1 0
github.com/kevensen/gollama-chat/internal/tui/tabs/configuration/configuration.go:539.3,539.52 1 0
github.com/kevensen/gollama-chat/internal/tui/tabs/configuration/configuration.go:541.27,542.37 1 0
github.com/kevensen/gollama-chat/internal/tui/tabs/configuration/configuration.go:542.37,544.4 1 0
github.com/kevensen/gollama-chat/internal/tui/tabs/configuration/configuration.go:545.3,545.57 1 0
github.com/kevensen/gollama-chat/internal/tui/tabs/configuration/configuration.go:547.23,549.17 2 0
github.com/kevensen/gollama-chat/internal/tui/tabs/configuration/configuration.go:549.17,551.4 1 0
github.com/kevensen/gollama-chat/internal/tui/tabs/configuration/configuration.go:552.3,552.39 1 0
github.com/kevensen/gollama-chat/internal/tui/tabs/configuration/configuration.go:554.22,555.37 1 0
github.com/kevensen/gollama-chat/internal/tui/tabs/configuration/configuration.go:555.37,557.4 1 0
github.com/kevensen/gollama-chat/internal/tui/tabs/configuration/configuration.go:558.3,558.52 1 0
github.com/kevensen/gollama-chat/internal/tui/tabs/configuration/configuration.go:560.24,561.37 1 0
github.com/kevensen/gollama-chat/internal/tui/tabs/configuration/configuration.go:561.37,563.4 1 0
github.com/kevensen/gollama-chat/internal/tui/tabs/configuration/configuration.go:564.3,564.54 1 0
github.com/kevensen/gollama-chat/internal/tui/tabs/configuration/configuration.go:566.29,568.17 2 0
github.com/kevensen/gollama-chat/internal/tui/tabs/configuration/configuration.go:568.17,570.4 1 0
github.com/kevensen/gollama-chat/internal/tui/tabs/configuration/configuration.go:571.3,571.35 1 0
github.com/kevensen/gollama-chat/internal/tui/tabs/configuration/configuration.go:571.35,573.4 1 0
github.com/kevensen/gollama-chat/internal/tui/tabs/configuration/configuration.go:574.3,574.43 1 0
github.com/kevensen/gollama-chat/internal/tui/tabs/configuration/configuration.go:576.25,578.17 2 0
github.com/kevensen/gollama-chat/internal/tui/tabs/configuration/configuration.go:578.17,580.4 1 0
github.com/kevensen/gollama-chat/internal/tui/tabs/configuration/configuration.go:581.3,581.19 1 0
github.com/kevensen/gollama-chat/internal/tui/tabs/configuration/configuration.go:581.19,583.4 1 0
github.com/kevensen/gollama-chat/internal/tui/tabs/configuration/configuration.go:584.3,584.38 1 0
github.com/kevensen/gollama-chat/internal/tui/tabs/configuration/configuration.go:586.21,588.17 2 0
github.com/kevensen/gollama-chat/internal/tui/tabs/configuration/configuration.go:588.17,590.4 1 0
github.com/kevensen/gollama-chat/internal/tui/tabs/configuration/configuration.go:591.3,591.35 1 0
github.com/kevensen/gollama-chat/internal/tui/tabs/configuration/configuration.go:593.32,595.62 1 0
github.com/kevensen/gollama-chat/internal/tui/tabs/configuration/configuration.go:598.2,598.12 1 0
github.com/kevensen/gollama-chat/internal/tui/tabs/configuration/configuration.go:602.57,603.48 1 0
github.com/kevensen/gollama-chat/internal/tui/tabs/configuration/configuration.go:603.48,607.3 3 0
github.com/kevensen/gollama-chat/internal/tui/tabs/configuration/configuration.go:609.2,609.44 1 0
github.com/kevensen/gollama-chat/internal/tui/tabs/configuration/configuration.go:609.44,613.3 3 0
github.com/kevensen/gollama-chat/internal/tui/tabs/configuration/configuration.go:616.2,622.36 4 0
github.com/kevensen/gollama-chat/internal/tui/tabs/configuration/configuration.go:622.36,624.3 1 0
github.com/kevensen/gollama-chat/internal/tui/tabs/configuration/configuration.go:626.2,626.27 1 0
github.com/kevensen/gollama-chat/internal/tui/tabs/configuration/configuration.go:631.58,632.48 1 0
github.com/kevensen/gollama-chat/internal/tui/tabs/configuration/configuration.go:632.48,634.3 1 0
github.com/kevensen/gollama-chat/internal/tui/tabs/configuration/configuration.go:636.2,636.44 1 0
github.com/kevensen/gollama-chat/internal/tui/tabs/configuration/configuration.go:636.44,638.3 1 0
github.com/kevensen/gollama-chat/internal/tui/tabs/configuration/configuration.go:641.2,644.36 2 0
github.com/kevensen/gollama-chat/internal/tui/tabs/configuration/configuration.go:644.36,646.3 1 0
github.com/kevensen/gollama-chat/internal/tui/tabs/configuration/configuration.go:648.2,648.29 1 0
github.com/kevensen/gollama-chat/internal/tui/tabs/chat/input/input.go:23.23,41.2 2 1
github.com/kevensen/gollama-chat/internal/tui/tabs/chat/input/input.go:44.42,46.14 2 1
github.com/kevensen/gollama-chat/internal/tui/tabs/chat/input/input.go:46.14,48.3 1 1
github.com/kevensen/gollama-chat/internal/tui/tabs/chat/input/input.go:52.45,54.2 1 1
github.com/kevensen/gollama-chat/internal/tui/tabs/chat/input/input.go:57.33,59.2 1 1
github.com/kevensen/gollama-chat/internal/tui/tabs/chat/input/input.go:62.44,65.22 2 1
github.com/kevensen/gollama-chat/internal/tui/tabs/chat/input/input.go:65.22,69.3 3 1
github.com/kevensen/gollama-chat/internal/tui/tabs/chat/input/input.go:73.31,75.2 1 1
github.com/kevensen/gollama-chat/internal/tui/tabs/chat/input/input.go:78.40,81.2 2 1
github.com/kevensen/gollama-chat/internal/tui/tabs/chat/input/input.go:84.50,85.30 1 1
github.com/kevensen/gollama-chat/internal/tui/tabs/chat/input/input.go:85.30,88.3 1 1
github.com/kevensen/gollama-chat/internal/tui/tabs/chat/input/input.go:88.8,95.3 5 0
github.com/kevensen/gollama-chat/internal/tui/tabs/chat/input/input.go:96.2,96.12 1 1
github.com/kevensen/gollama-chat/internal/tui/tabs/chat/input/input.go:100.37,102.2 1 1
github.com/kevensen/gollama-chat/internal/tui/tabs/chat/input/input.go:105.25,108.2 2 1
github.com/kevensen/gollama-chat/internal/tui/tabs/chat/input/input.go:111.53,113.15 1 1
github.com/kevensen/gollama-chat/internal/tui/tabs/chat/input/input.go:113.15,115.3 1 1
github.com/kevensen/gollama-chat/internal/tui/tabs/chat/input/input.go:117.2,117.27 1 1
github.com/kevensen/gollama-chat/internal/tui/tabs/chat/input/input.go:118.18,121.54 1 1
github.com/kevensen/gollama-chat/internal/tui/tabs/chat/input/input.go:121.54,123.33 2 1
github.com/kevensen/gollama-chat/internal/tui/tabs/chat/input/input.go:123.33,127.5 2 1
github.com/kevensen/gollama-chat/internal/tui/tabs/chat/input/input.go:129.3,129.29 1 0
github.com/kevensen/gollama-chat/internal/tui/tabs/chat/input/input.go:130.25,132.16 2 0
github.com/kevensen/gollama-chat/internal/tui/tabs/chat/input/input.go:134.2,134.15 1 0
github.com/kevensen/gollama-chat/internal/tui/tabs/chat/input/input.go:138.29,139.18 1 1
github.com/kevensen/gollama-chat/internal/tui/tabs/chat/input/input.go:139.18,140.30 1 1
github.com/kevensen/gollama-chat/internal/tui/tabs/chat/input/input.go:140.30,143.4 1 0
github.com/kevensen/gollama-chat/internal/tui/tabs/chat/input/input.go:143.9,146.4 1 1
github.com/kevensen/gollama-chat/internal/tui/tabs/chat/input/input.go:147.3,147.13 1 1
github.com/kevensen/gollama-chat/internal/tui/tabs/chat/input/input.go:152.34,153.18 1 1
github.com/kevensen/gollama-chat/internal/tui/tabs/chat/input/input.go:153.18,155.3 1 1
github.com/kevensen/gollama-chat/internal/tui/tabs/chat/input/input.go:159.35,160.29 1 1
github.com/kevensen/gollama-chat/internal/tui/tabs/chat/input/input.go:160.29,162.3 1 1
github.com/kevensen/gollama-chat/internal/tui/tabs/chat/input/input.go:166.46,167.20 1 0
github.com/kevensen/gollama-chat/internal/tui/tabs/chat/input/input.go:167.20,169.3 1 0
github.com/kevensen/gollama-chat/internal/tui/tabs/chat/input/input.go:172.2,172.30 1 0
github.com/kevensen/gollama-chat/internal/tui/tabs/chat/input/input.go:172.30,174.3 1 0
github.com/kevensen/gollama-chat/internal/tui/tabs/chat/input/input.go:174.8,182.3 6 0
github.com/kevensen/gollama-chat/internal/tui/tabs/chat/input/input.go:183.2,183.12 1 0
github.com/kevensen/gollama-chat/internal/tui/tabs/chat/input/input.go:187.62,188.22 1 0
github.com/kevensen/gollama-chat/internal/tui/tabs/chat/input/input.go:189.19,190.19 1 0
github.com/kevensen/gollama-chat/internal/tui/tabs/chat/input/input.go:190.19,191.31 1 0
github.com/kevensen/gollama-chat/internal/tui/tabs/chat/input/input.go:191.31,197.5 4 0
github.com/kevensen/gollama-chat/internal/tui/tabs/chat/input/input.go:197.10,200.5 1 0
github.com/kevensen/gollama-chat/internal/tui/tabs/chat/input/input.go:201.4,201.14 1 0
github.com/kevensen/gollama-chat/internal/tui/tabs/chat/input/input.go:203.3,203.16 1 0
github.com/kevensen/gollama-chat/internal/tui/tabs/chat/input/input.go:205.14,206.19 1 0
github.com/kevensen/gollama-chat/internal/tui/tabs/chat/input/input.go:206.19,208.4 1 0
github.com/kevensen/gollama-chat/internal/tui/tabs/chat/input/input.go:209.3,209.16 1 0
github.com/kevensen/gollama-chat/internal/tui/tabs/chat/input/input.go:211.15,212.30 1 0
github.com/kevensen/gollama-chat/internal/tui/tabs/chat/input/input.go:212.30,214.4 1 0
github.com/kevensen/gollama-chat/internal/tui/tabs/chat/input/input.go:215.3,215.16 1 0
github.com/kevensen/gollama-chat/internal/tui/tabs/chat/input/input.go:217.14,219.16 2 0
github.com/kevensen/gollama-chat/internal/tui/tabs/chat/input/input.go:221.13,223.16 2 0
github.com/kevensen/gollama-chat/internal/tui/tabs/chat/input/input.go:225.16,227.16 2 0
github.com/kevensen/gollama-chat/internal/tui/tabs/chat/input/input.go:229.16,231.16 2 0
github.com/kevensen/gollama-chat/internal/tui/tabs/chat/input/input.go:234.2,234.15 1 0
github.com/kevensen/gollama-chat/internal/tui/tabs/chat/input/input.go:238.31,242.15 2 0
github.com/kevensen/gollama-chat/internal/tui/tabs/chat/input/input.go:242.15,245.24 2 0
github.com/kevensen/gollama-chat/internal/tui/tabs/chat/input/input.go:245.24,247.4 1 0
github.com/kevensen/gollama-chat/internal/tui/tabs/chat/input/input.go:248.8,252.20 2 0
github.com/kevensen/gollama-chat/internal/tui/tabs/chat/input/input.go:252.20,255.4 1 0
github.com/kevensen/gollama-chat/internal/tui/tabs/chat/input/input.go:255.9,255.34 1 0
github.com/kevensen/gollama-chat/internal/tui/tabs/chat/input/input.go:255.34,258.4 1 0
github.com/kevensen/gollama-chat/internal/tui/tabs/chat/input/input.go:258.9,267.4 7 0
github.com/kevensen/gollama-chat/internal/tui/tabs/chat/input/input.go:271.2,271.32 1 0
github.com/kevensen/gollama-chat/internal/tui/util/util.go:9.45,14.16 2 1
github.com/kevensen/gollama-chat/internal/tui/util/util.go:14.16,16.3 1 1
github.com/kevensen/gollama-chat/internal/tui/util/util.go:20.2,20.19 1 1
github.com/kevensen/gollama-chat/internal/tui/util/util.go:20.19,23.3 2 1
github.com/kevensen/gollama-chat/internal/tui/util/util.go:25.2,25.14 1 1
github.com/kevensen/gollama-chat/internal/tui/tabs/rag/collections_service.go:30.78,36.2 1 0
github.com/kevensen/gollama-chat/internal/tui/tabs/rag/collections_service.go:39.54,40.33 1 0
github.com/kevensen/gollama-chat/internal/tui/tabs/rag/collections_service.go:40.33,43.3 2 0
github.com/kevensen/gollama-chat/internal/tui/tabs/rag/collections_service.go:46.2,48.16 3 0
github.com/kevensen/gollama-chat/internal/tui/tabs/rag/collections_service.go:48.16,51.3 2 0
github.com/kevensen/gollama-chat/internal/tui/tabs/rag/collections_service.go:52.2,54.38 2 0
github.com/kevensen/gollama-chat/internal/tui/tabs/rag/collections_service.go:54.38,57.3 2 0
github.com/kevensen/gollama-chat/internal/tui/tabs/rag/collections_service.go:60.2,61.16 2 0
github.com/kevensen/gollama-chat/internal/tui/tabs/rag/collections_service.go:61.16,64.3 2 0
github.com/kevensen/gollama-chat/internal/tui/tabs/rag/collections_service.go:66.2,68.12 3 0
github.com/kevensen/gollama-chat/internal/tui/tabs/rag/collections_service.go:72.74,73.39 1 0
github.com/kevensen/gollama-chat/internal/tui/tabs/rag/collections_service.go:73.39,75.3 1 0
github.com/kevensen/gollama-chat/internal/tui/tabs/rag/collections_service.go:77.2,81.16 4 0
github.com/kevensen/gollama-chat/internal/tui/tabs/rag/collections_service.go:81.16,83.3 1 0
github.com/kevensen/gollama-chat/internal/tui/tabs/rag/collections_service.go:86.2,87.47 2 0
github.com/kevensen/gollama-chat/internal/tui/tabs/rag/collections_service.go:87.47,90.57 2 0
github.com/kevensen/gollama-chat/internal/tui/tabs/rag/collections_service.go:90.57,91.40 1 0
github.com/kevensen/gollama-chat/internal/tui/tabs/rag/collections_service.go:91.40,92.52 1 0
github.com/kevensen/gollama-chat/internal/tui/tabs/rag/collections_service.go:92.52,94.6 1 0
github.com/kevensen/gollama-chat/internal/tui/tabs/rag/collections_service.go:94.11,94.56 1 0
github.com/kevensen/gollama-chat/internal/tui/tabs/rag/collections_service.go:94.56,96.6 1 0
github.com/kevensen/gollama-chat/internal/tui/tabs/rag/collections_service.go:100.3,105.4 1 0
github.com/kevensen/gollama-chat/internal/tui/tabs/rag/collections_service.go:108.2,108.12 1 0
github.com/kevensen/gollama-chat/internal/tui/tabs/rag/collections_service.go:112.61,114.2 1 0
github.com/kevensen/gollama-chat/internal/tui/tabs/rag/collections_service.go:117.50,119.2 1 0
github.com/kevensen/gollama-chat/internal/tui/tabs/rag/collections_service.go:122.59,123.47 1 0
github.com/kevensen/gollama-chat/internal/tui/tabs/rag/collections_service.go:123.47,125.3 1 0
github.com/kevensen/gollama-chat/internal/tui/tabs/rag/collections_service.go:129.43,130.32 1 0
github.com/kevensen/gollama-chat/internal/tui/tabs/rag/collections_service.go:130.32,132.3 1 0
github.com/kevensen/gollama-chat/internal/tui/tabs/rag/collections_service.go:136.45,137.32 1 0
github.com/kevensen/gollama-chat/internal/tui/tabs/rag/collections_service.go:137.32,139.3 1 0
github.com/kevensen/gollama-chat/internal/tui/tabs/rag/collections_service.go:143.65,145.44 2 0
github.com/kevensen/gollama-chat/internal/tui/tabs/rag/collections_service.go:145.44,146.26 1 0
github.com/kevensen/gollama-chat/internal/tui/tabs/rag/collections_service.go:146.26,148.4 1 0
github.com/kevensen/gollama-chat/internal/tui/tabs/rag/collections_service.go:150.2,150.17 1 0
github.com/kevensen/gollama-chat/internal/tui/tabs/rag/collections_service.go:154.54,156.44 2 0
github.com/kevensen/gollama-chat/internal/tui/tabs/rag/collections_service.go:156.44,157.26 1 0
github.com/kevensen/gollama-chat/internal/tui/tabs/rag/collections_service.go:157.26,159.4 1 0
github.com/kevensen/gollama-chat/internal/tui/tabs/rag/collections_service.go:161.2,161.14 1 0
github.com/kevensen/gollama-chat/internal/tui/tabs/rag/collections_service.go:165.45,166.22 1 0
github.com/kevensen/gollama-chat/internal/tui/tabs/rag/collections_service.go:166.22,168.3 1 0
github.com/kevensen/gollama-chat/internal/tui/tabs/rag/collections_service.go:169.2,169.12 1 0
github.com/kevensen/gollama-chat/internal/tui/tabs/rag/rag.go:52.72,66.2 3 0
github.com/kevensen/gollama-chat/internal/tui/tabs/rag/rag.go:69.31,71.2 1 0
github.com/kevensen/gollama-chat/internal/tui/tabs/rag/rag.go:74.57,75.27 1 0
github.com/kevensen/gollama-chat/internal/tui/tabs/rag/rag.go:76.25,84.24 6 0
github.com/kevensen/gollama-chat/internal/tui/tabs/rag/rag.go:84.24,86.4 1 0
github.com/kevensen/gollama-chat/internal/tui/tabs/rag/rag.go:88.3,92.26 5 0
github.com/kevensen/gollama-chat/internal/tui/tabs/rag/rag.go:92.26,94.4 1 0
github.com/kevensen/gollama-chat/internal/tui/tabs/rag/rag.go:96.3,98.28 3 0
github.com/kevensen/gollama-chat/internal/tui/tabs/rag/rag.go:100.24,109.31 7 0
github.com/kevensen/gollama-chat/internal/tui/tabs/rag/rag.go:111.18,113.23 1 0
github.com/kevensen/gollama-chat/internal/tui/tabs/rag/rag.go:114.12,117.17 3 0
github.com/kevensen/gollama-chat/internal/tui/tabs/rag/rag.go:118.12,120.58 1 0
github.com/kevensen/gollama-chat/internal/tui/tabs/rag/rag.go:120.58,125.5 4 0
github.com/kevensen/gollama-chat/internal/tui/tabs/rag/rag.go:125.10,128.5 2 0
github.com/kevensen/gollama-chat/internal/tui/tabs/rag/rag.go:129.4,129.17 1 0
github.com/kevensen/gollama-chat/internal/tui/tabs/rag/rag.go:130.12,133.32 3 0
github.com/kevensen/gollama-chat/internal/tui/tabs/rag/rag.go:134.12,138.17 4 0
github.com/kevensen/gollama-chat/internal/tui/tabs/rag/rag.go:142.3,142.16 1 0
github.com/kevensen/gollama-chat/internal/tui/tabs/rag/rag.go:142.16,144.4 1 0
github.com/kevensen/gollama-chat/internal/tui/tabs/rag/rag.go:147.3,147.23 1 0
github.com/kevensen/gollama-chat/internal/tui/tabs/rag/rag.go:148.18,149.20 1 0
github.com/kevensen/gollama-chat/internal/tui/tabs/rag/rag.go:149.20,154.5 4 0
github.com/kevensen/gollama-chat/internal/tui/tabs/rag/rag.go:155.4,155.17 1 0
github.com/kevensen/gollama-chat/internal/tui/tabs/rag/rag.go:156.20,157.39 1 0
github.com/kevensen/gollama-chat/internal/tui/tabs/rag/rag.go:157.39,162.5 4 0
github.com/kevensen/gollama-chat/internal/tui/tabs/rag/rag.go:163.4,163.17 1 0
github.com/kevensen/gollama-chat/internal/tui/tabs/rag/rag.go:164.21,165.63 1 0
github.com/kevensen/gollama-chat/internal/tui/tabs/rag/rag.go:165.63,170.38 4 0
github.com/kevensen/gollama-chat/internal/tui/tabs/rag/rag.go:170.38,174.6 1 0
github.com/kevensen/gollama-chat/internal/tui/tabs/rag/rag.go:176.4,176.17 1 0
github.com/kevensen/gollama-chat/internal/tui/tabs/rag/rag.go:177.17,182.37 4 0
github.com/kevensen/gollama-chat/internal/tui/tabs/rag/rag.go:182.37,186.5 1 0
github.com/kevensen/gollama-chat/internal/tui/tabs/rag/rag.go:187.17,192.37 4 0
github.com/kevensen/gollama-chat/internal/tui/tabs/rag/rag.go:192.37,196.5 1 0
github.com/kevensen/gollama-chat/internal/tui/tabs/rag/rag.go:197.12,198.19 1 0
github.com/kevensen/gollama-chat/internal/tui/tabs/rag/rag.go:198.19,201.5 2 0
github.com/kevensen/gollama-chat/internal/tui/tabs/rag/rag.go:202.4,202.17 1 0
github.com/kevensen/gollama-chat/internal/tui/tabs/rag/rag.go:205.25,208.21 3 0
github.com/kevensen/gollama-chat/internal/tui/tabs/rag/rag.go:208.21,211.4 2 0
github.com/kevensen/gollama-chat/internal/tui/tabs/rag/rag.go:211.9,213.19 2 0
github.com/kevensen/gollama-chat/internal/tui/tabs/rag/rag.go:213.19,215.5 1 0
github.com/kevensen/gollama-chat/internal/tui/tabs/rag/rag.go:217.3,217.28 1 0
github.com/kevensen/gollama-chat/internal/tui/tabs/rag/rag.go:219.28,221.21 2 0
github.com/kevensen/gollama-chat/internal/tui/tabs/rag/rag.go:221.21,224.4 2 0
github.com/kevensen/gollama-chat/internal/tui/tabs/rag/rag.go:224.9,228.38 3 0
github.com/kevensen/gollama-chat/internal/tui/tabs/rag/rag.go:228.38,230.5 1 0
github.com/kevensen/gollama-chat/internal/tui/tabs/rag/rag.go:232.4,232.37 1 0
github.com/kevensen/gollama-chat/internal/tui/tabs/rag/rag.go:232.37,236.5 1 0
github.com/kevensen/gollama-chat/internal/tui/tabs/rag/rag.go:238.3,238.28 1 0
github.com/kevensen/gollama-chat/internal/tui/tabs/rag/rag.go:241.2,241.15 1 0
github.com/kevensen/gollama-chat/internal/tui/tabs/rag/rag.go:245.30,246.35 1 0
github.com/kevensen/gollama-chat/internal/tui/tabs/rag/rag.go:246.35,248.3 1 0
github.com/kevensen/gollama-chat/internal/tui/tabs/rag/rag.go:251.2,263.17 6 0
github.com/kevensen/gollama-chat/internal/tui/tabs/rag/rag.go:263.17,266.3 2 0
github.com/kevensen/gollama-chat/internal/tui/tabs/rag/rag.go:266.8,269.20 3 0
github.com/kevensen/gollama-chat/internal/tui/tabs/rag/rag.go:269.20,271.4 1 0
github.com/kevensen/gollama-chat/internal/tui/tabs/rag/rag.go:273.2,276.31 2 0
github.com/kevensen/gollama-chat/internal/tui/tabs/rag/rag.go:276.31,280.3 2 0
github.com/kevensen/gollama-chat/internal/tui/tabs/rag/rag.go:280.8,280.25 1 0
github.com/kevensen/gollama-chat/internal/tui/tabs/rag/rag.go:280.25,284.3 2 0
github.com/kevensen/gollama-chat/internal/tui/tabs/rag/rag.go:285.2,289.15 3 0
github.com/kevensen/gollama-chat/internal/tui/tabs/rag/rag.go:289.15,293.3 2 0
github.com/kevensen/gollama-chat/internal/tui/tabs/rag/rag.go:293.8,293.25 1 0
github.com/kevensen/gollama-chat/internal/tui/tabs/rag/rag.go:293.25,295.3 1 0
github.com/kevensen/gollama-chat/internal/tui/tabs/rag/rag.go:295.8,295.36 1 0
github.com/kevensen/gollama-chat/internal/tui/tabs/rag/rag.go:295.36,297.3 1 0
github.com/kevensen/gollama-chat/internal/tui/tabs/rag/rag.go:297.8,299.3 1 0
github.com/kevensen/gollama-chat/internal/tui/tabs/rag/rag.go:302.2,303.43 2 0
github.com/kevensen/gollama-chat/internal/tui/tabs/rag/rag.go:303.43,311.3 4 0
github.com/kevensen/gollama-chat/internal/tui/tabs/rag/rag.go:314.2,317.22 4 0
github.com/kevensen/gollama-chat/internal/tui/tabs/rag/rag.go:317.22,320.3 2 0
github.com/kevensen/gollama-chat/internal/tui/tabs/rag/rag.go:324.2,327.23 4 0
github.com/kevensen/gollama-chat/internal/tui/tabs/rag/rag.go:327.23,329.3 1 0
github.com/kevensen/gollama-chat/internal/tui/tabs/rag/rag.go:331.2,338.47 2 0
github.com/kevensen/gollama-chat/internal/tui/tabs/rag/rag.go:342.41,343.32 1 0
github.com/kevensen/gollama-chat/internal/tui/tabs/rag/rag.go:343.32,349.3 2 0
github.com/kevensen/gollama-chat/internal/tui/tabs/rag/rag.go:353.61,354.32 1 0
github.com/kevensen/gollama-chat/internal/tui/tabs/rag/rag.go:354.32,360.3 2 0
github.com/kevensen/gollama-chat/internal/tui/tabs/rag/rag.go:364.41,365.29 1 0
github.com/kevensen/gollama-chat/internal/tui/tabs/rag/rag.go:365.29,368.3 2 0
github.com/kevensen/gollama-chat/internal/tui/tabs/rag/rag.go:370.2,372.43 2 0
github.com/kevensen/gollama-chat/internal/tui/tabs/rag/rag.go:372.43,376.26 2 0
github.com/kevensen/gollama-chat/internal/tui/tabs/rag/rag.go:376.26,378.4 1 0
github.com/kevensen/gollama-chat/internal/tui/tabs/rag/rag.go:378.9,380.4 1 0
github.com/kevensen/gollama-chat/internal/tui/tabs/rag/rag.go:383.3,384.20 2 0
github.com/kevensen/gollama-chat/internal/tui/tabs/rag/rag.go:384.20,388.4 1 0
github.com/kevensen/gollama-chat/internal/tui/tabs/rag/rag.go:388.9,388.33 1 0
github.com/kevensen/gollama-chat/internal/tui/tabs/rag/rag.go:388.33,391.4 1 0
github.com/kevensen/gollama-chat/internal/tui/tabs/rag/rag.go:393.3,399.20 3 0
github.com/kevensen/gollama-chat/internal/tui/tabs/rag/rag.go:399.20,402.4 1 0
github.com/kevensen/gollama-chat/internal/tui/tabs/rag/rag.go:404.3,405.29 2 0
github.com/kevensen/gollama-chat/internal/tui/tabs/rag/rag.go:405.29,407.4 1 0
github.com/kevensen/gollama-chat/internal/tui/tabs/rag/rag.go:408.3,411.35 2 0
github.com/kevensen/gollama-chat/internal/tui/tabs/rag/rag.go:411.35,414.21 2 0
github.com/kevensen/gollama-chat/internal/tui/tabs/rag/rag.go:414.21,417.5 1 0
github.com/kevensen/gollama-chat/internal/tui/tabs/rag/rag.go:418.4,418.95 1 0
github.com/kevensen/gollama-chat/internal/tui/tabs/rag/rag.go:421.3,422.31 2 0
github.com/kevensen/gollama-chat/internal/tui/tabs/rag/rag.go:422.31,424.4 1 0
github.com/kevensen/gollama-chat/internal/tui/tabs/rag/rag.go:427.2,427.41 1 0
github.com/kevensen/gollama-chat/internal/tui/tabs/rag/rag.go:431.40,432.29 1 0
github.com/kevensen/gollama-chat/internal/tui/tabs/rag/rag.go:432.29,434.3 1 0
github.com/kevensen/gollama-chat/internal/tui/tabs/rag/rag.go:437.2,445.22 5 0
github.com/kevensen/gollama-chat/internal/tui/tabs/rag/rag.go:445.22,447.3 1 0
github.com/kevensen/gollama-chat/internal/tui/tabs/rag/rag.go:447.8,447.32 1 0
github.com/kevensen/gollama-chat/internal/tui/tabs/rag/rag.go:447.32,449.3 1 0
github.com/kevensen/gollama-chat/internal/tui/tabs/rag/rag.go:453.50,455.2 1 0
github.com/kevensen/gollama-chat/internal/tui/tui/tui.go:38.72,47.2 1 1
github.com/kevensen/gollama-chat/internal/tui/tui/tui.go:50.31,56.2 1 1
github.com/kevensen/gollama-chat/internal/tui/tui/tui.go:59.57,63.27 3 1
github.com/kevensen/gollama-chat/internal/tui/tui/tui.go:64.25,75.21 5 1
github.com/kevensen/gollama-chat/internal/tui/tui/tui.go:75.21,77.4 1 0
github.com/kevensen/gollama-chat/internal/tui/tui/tui.go:79.3,84.23 3 1
github.com/kevensen/gollama-chat/internal/tui/tui/tui.go:84.23,86.4 1 0
github.com/kevensen/gollama-chat/internal/tui/tui/tui.go:88.3,93.20 3 1
github.com/kevensen/gollama-chat/internal/tui/tui/tui.go:93.20,95.4 1 0
github.com/kevensen/gollama-chat/internal/tui/tui/tui.go:97.18,99.29 1 1
github.com/kevensen/gollama-chat/internal/tui/tui/tui.go:99.29,101.27 1 1
github.com/kevensen/gollama-chat/internal/tui/tui/tui.go:101.27,102.45 1 1
github.com/kevensen/gollama-chat/internal/tui/tui/tui.go:102.45,104.6 1 1
github.com/kevensen/gollama-chat/internal/tui/tui/tui.go:108.4,108.55 1 1
github.com/kevensen/gollama-chat/internal/tui/tui/tui.go:108.55,110.46 2 1
github.com/kevensen/gollama-chat/internal/tui/tui/tui.go:110.46,112.6 1 1
github.com/kevensen/gollama-chat/internal/tui/tui/tui.go:116.3,116.23 1 1
github.com/kevensen/gollama-chat/internal/tui/tui/tui.go:117.22,118.22 1 1
github.com/kevensen/gollama-chat/internal/tui/tui/tui.go:119.14,124.49 3 1
github.com/kevensen/gollama-chat/internal/tui/tui/tui.go:124.49,129.40 4 1
github.com/kevensen/gollama-chat/internal/tui/tui/tui.go:129.40,131.6 1 0
github.com/kevensen/gollama-chat/internal/tui/tui/tui.go:131.11,131.29 1 1
github.com/kevensen/gollama-chat/internal/tui/tui/tui.go:131.29,133.6 1 0
github.com/kevensen/gollama-chat/internal/tui/tui/tui.go:133.11,133.30 1 1
github.com/kevensen/gollama-chat/internal/tui/tui/tui.go:133.30,135.6 1 1
github.com/kevensen/gollama-chat/internal/tui/tui/tui.go:138.4,138.30 1 1
github.com/kevensen/gollama-chat/internal/tui/tui/tui.go:138.30,140.5 1 1
github.com/kevensen/gollama-chat/internal/tui/tui/tui.go:141.20,146.49 3 1
github.com/kevensen/gollama-chat/internal/tui/tui/tui.go:146.49,151.40 4 1
github.com/kevensen/gollama-chat/internal/tui/tui/tui.go:151.40,153.6 1 0
github.com/kevensen/gollama-chat/internal/tui/tui/tui.go:153.11,153.29 1 1
github.com/kevensen/gollama-chat/internal/tui/tui/tui.go:153.29,155.6 1 0
github.com/kevensen/gollama-chat/internal/tui/tui/tui.go:155.11,155.30 1 1
github.com/kevensen/gollama-chat/internal/tui/tui/tui.go:155.30,157.6 1 1
github.com/kevensen/gollama-chat/internal/tui/tui/tui.go:160.4,160.30 1 1
github.com/kevensen/gollama-chat/internal/tui/tui/tui.go:160.30,162.5 1 1
github.com/kevensen/gollama-chat/internal/tui/tui/tui.go:163.11,165.23 1 0
github.com/kevensen/gollama-chat/internal/tui/tui/tui.go:166.17,169.18 3 0
github.com/kevensen/gollama-chat/internal/tui/tui/tui.go:170.19,173.20 3 0
github.com/kevensen/gollama-chat/internal/tui/tui/tui.go:174.16,177.17 3 0
github.com/kevensen/gollama-chat/internal/tui/tui/tui.go:181.10,183.81 1 1
github.com/kevensen/gollama-chat/internal/tui/tui/tui.go:183.81,191.4 4 1
github.com/kevensen/gollama-chat/internal/tui/tui/tui.go:191.9,191.108 1 1
github.com/kevensen/gollama-chat/internal/tui/tui/tui.go:191.108,194.70 2 1
github.com/kevensen/gollama-chat/internal/tui/tui/tui.go:194.70,196.5 1 1
github.com/kevensen/gollama-chat/internal/tui/tui/tui.go:199.4,200.25 2 1
github.com/kevensen/gollama-chat/internal/tui/tui/tui.go:200.25,202.5 1 1
github.com/kevensen/gollama-chat/internal/tui/tui/tui.go:205.4,207.16 3 1
github.com/kevensen/gollama-chat/internal/tui/tui/tui.go:208.9,208.78 1 1
github.com/kevensen/gollama-chat/internal/tui/tui/tui.go:208.78,213.4 3 1
github.com/kevensen/gollama-chat/internal/tui/tui/tui.go:213.9,215.23 1 0
github.com/kevensen/gollama-chat/internal/tui/tui/tui.go:216.17,219.18 3 0
github.com/kevensen/gollama-chat/internal/tui/tui/tui.go:220.19,223.20 3 0
github.com/kevensen/gollama-chat/internal/tui/tui/tui.go:224.16,227.17 3 0
github.com/kevensen/gollama-chat/internal/tui/tui/tui.go:232.2,232.16 1 1
github.com/kevensen/gollama-chat/internal/tui/tui/tui.go:232.16,234.3 1 1
github.com/kevensen/gollama-chat/internal/tui/tui/tui.go:236.2,236.30 1 1
github.com/kevensen/gollama-chat/internal/tui/tui/tui.go:240.30,242.18 1 1
github.com/kevensen/gollama-chat/internal/tui/tui/tui.go:242.18,244.20 1 1
github.com/kevensen/gollama-chat/internal/tui/tui/tui.go:244.20,246.4 1 1
github.com/kevensen/gollama-chat/internal/tui/tui/tui.go:248.3,248.20 1 1
github.com/kevensen/gollama-chat/internal/tui/tui/tui.go:248.20,251.4 2 1
github.com/kevensen/gollama-chat/internal/tui/tui/tui.go:255.2,259.21 3 1
github.com/kevensen/gollama-chat/internal/tui/tui/tui.go:260.15,261.31 1 1
github.com/kevensen/gollama-chat/internal/tui/tui/tui.go:262.17,263.33 1 1
github.com/kevensen/gollama-chat/internal/tui/tui/tui.go:264.14,265.30 1 1
github.com/kevensen/gollama-chat/internal/tui/tui/tui.go:269.2,277.23 5 1
github.com/kevensen/gollama-chat/internal/tui/tui/tui.go:277.23,279.3 1 0
github.com/kevensen/gollama-chat/internal/tui/tui/tui.go:283.2,284.28 2 1
github.com/kevensen/gollama-chat/internal/tui/tui/tui.go:284.28,290.3 2 1
github.com/kevensen/gollama-chat/internal/tui/tui/tui.go:290.8,293.3 1 1
github.com/kevensen/gollama-chat/internal/tui/tui/tui.go:296.2,301.3 1 1
github.com/kevensen/gollama-chat/internal/tui/tui/tui.go:305.38,320.18 5 1
github.com/kevensen/gollama-chat/internal/tui/tui/tui.go:320.18,322.3 1 1
github.com/kevensen/gollama-chat/internal/tui/tui/tui.go:324.2,324.31 1 1
github.com/kevensen/gollama-chat/internal/tui/tui/tui.go:324.31,325.23 1 1
github.com/kevensen/gollama-chat/internal/tui/tui/tui.go:325.23,326.9 1 0
github.com/kevensen/gollama-chat/internal/tui/tui/tui.go:329.3,330.28 2 1
github.com/kevensen/gollama-chat/internal/tui/tui/tui.go:330.28,332.4 1 1
github.com/kevensen/gollama-chat/internal/tui/tui/tui.go:332.9,334.4 1 1
github.com/kevensen/gollama-chat/internal/tui/tui/tui.go:338.2,339.22 2 1
github.com/kevensen/gollama-chat/internal/tui/tui/tui.go:339.22,341.3 1 0
github.com/kevensen/gollama-chat/internal/tui/tui/tui.go:344.2,348.39 2 1
github.com/kevensen/gollama-chat/internal/tui/tui/tui.go:352.38,362.18 3 1
github.com/kevensen/gollama-chat/internal/tui/tui/tui.go:362.18,366.19 2 1
github.com/kevensen/gollama-chat/internal/tui/tui/tui.go:366.19,367.23 1 1
github.com/kevensen/gollama-chat/internal/tui/tui/tui.go:368.17,369.81 1 1
github.com/kevensen/gollama-chat/internal/tui/tui/tui.go:370.19,371.51 1 1
github.com/kevensen/gollama-chat/internal/tui/tui/tui.go:372.16,373.74 1 1
github.com/kevensen/gollama-chat/internal/tui/tui/tui.go:378.2,378.37 1 1
github.com/kevensen/gollama-chat/internal/tui/tui/tui.go:382.38,388.57 3 1
github.com/kevensen/gollama-chat/internal/tui/tui/tui.go:388.57,390.3 1 0
github.com/kevensen/gollama-chat/internal/tui/tui/tui.go:393.2,394.23 2 1
github.com/kevensen/gollama-chat/internal/tui/tui/tui.go:394.23,396.3 1 1
github.com/kevensen/gollama-chat/internal/tui/tabs/chat/chat.go:94.31,96.16 2 1
github.com/kevensen/gollama-chat/internal/tui/tabs/chat/chat.go:96.16,98.3 1 0
github.com/kevensen/gollama-chat/internal/tui/tabs/chat/chat.go:99.2,102.61 3 1
github.com/kevensen/gollama-chat/internal/tui/tabs/chat/chat.go:106.72,132.2 4 1
github.com/kevensen/gollama-chat/internal/tui/tabs/chat/chat.go:151.31,155.25 2 0
github.com/kevensen/gollama-chat/internal/tui/tabs/chat/chat.go:155.25,156.36 1 0
github.com/kevensen/gollama-chat/internal/tui/tabs/chat/chat.go:156.36,158.18 2 0
github.com/kevensen/gollama-chat/internal/tui/tabs/chat/chat.go:158.18,161.5 1 0
github.com/kevensen/gollama-chat/internal/tui/tabs/chat/chat.go:162.4,162.14 1 0
github.com/kevensen/gollama-chat/internal/tui/tabs/chat/chat.go:164.3,164.30 1 0
github.com/kevensen/gollama-chat/internal/tui/tabs/chat/chat.go:168.2,168.39 1 0
github.com/kevensen/gollama-chat/internal/tui/tabs/chat/chat.go:168.39,170.50 1 0
github.com/kevensen/gollama-chat/internal/tui/tabs/chat/chat.go:170.50,173.4 1 0
github.com/kevensen/gollama-chat/internal/tui/tabs/chat/chat.go:174.3,174.13 1 0
github.com/kevensen/gollama-chat/internal/tui/tabs/chat/chat.go:176.2,178.19 2 0
github.com/kevensen/gollama-chat/internal/tui/tabs/chat/chat.go:178.19,180.3 1 0
github.com/kevensen/gollama-chat/internal/tui/tabs/chat/chat.go:181.2,181.12 1 0
github.com/kevensen/gollama-chat/internal/tui/tabs/chat/chat.go:185.57,188.50 1 1
github.com/kevensen/gollama-chat/internal/tui/tabs/chat/chat.go:188.50,199.53 5 0
github.com/kevensen/gollama-chat/internal/tui/tabs/chat/chat.go:199.53,205.4 3 0
github.com/kevensen/gollama-chat/internal/tui/tabs/chat/chat.go:207.3,207.16 1 0
github.com/kevensen/gollama-chat/internal/tui/tabs/chat/chat.go:211.2,211.40 1 1
github.com/kevensen/gollama-chat/internal/tui/tabs/chat/chat.go:211.40,213.93 1 0
github.com/kevensen/gollama-chat/internal/tui/tabs/chat/chat.go:213.93,215.4 1 0
github.com/kevensen/gollama-chat/internal/tui/tabs/chat/chat.go:218.3,219.48 2 0
github.com/kevensen/gollama-chat/internal/tui/tabs/chat/chat.go:219.48,222.30 2 0
github.com/kevensen/gollama-chat/internal/tui/tabs/chat/chat.go:222.30,228.5 4 0
github.com/kevensen/gollama-chat/internal/tui/tabs/chat/chat.go:228.10,233.5 4 0
github.com/kevensen/gollama-chat/internal/tui/tabs/chat/chat.go:237.3,237.14 1 0
github.com/kevensen/gollama-chat/internal/tui/tabs/chat/chat.go:238.16,239.30 1 0
github.com/kevensen/gollama-chat/internal/tui/tabs/chat/chat.go:239.30,244.5 3 0
github.com/kevensen/gollama-chat/internal/tui/tabs/chat/chat.go:244.10,244.60 1 0
github.com/kevensen/gollama-chat/internal/tui/tabs/chat/chat.go:244.60,259.28 6 0
github.com/kevensen/gollama-chat/internal/tui/tabs/chat/chat.go:259.28,260.55 1 0
github.com/kevensen/gollama-chat/internal/tui/tabs/chat/chat.go:260.55,262.7 1 0
github.com/kevensen/gollama-chat/internal/tui/tabs/chat/chat.go:262.12,264.7 1 0
github.com/kevensen/gollama-chat/internal/tui/tabs/chat/chat.go:268.5,275.36 5 0
github.com/kevensen/gollama-chat/internal/tui/tabs/chat/chat.go:278.17,281.52 2 0
github.com/kevensen/gollama-chat/internal/tui/tabs/chat/chat.go:281.52,289.5 6 0
github.com/kevensen/gollama-chat/internal/tui/tabs/chat/chat.go:289.10,289.33 1 0
github.com/kevensen/gollama-chat/internal/tui/tabs/chat/chat.go:289.33,296.5 5 0
github.com/kevensen/gollama-chat/internal/tui/tabs/chat/chat.go:296.10,303.5 5 0
github.com/kevensen/gollama-chat/internal/tui/tabs/chat/chat.go:305.17,308.27 2 0
github.com/kevensen/gollama-chat/internal/tui/tabs/chat/chat.go:308.27,313.5 3 0
github.com/kevensen/gollama-chat/internal/tui/tabs/chat/chat.go:315.4,319.17 5 0
github.com/kevensen/gollama-chat/internal/tui/tabs/chat/chat.go:321.17,323.52 1 0
github.com/kevensen/gollama-chat/internal/tui/tabs/chat/chat.go:323.52,327.5 3 0
github.com/kevensen/gollama-chat/internal/tui/tabs/chat/chat.go:329.17,335.17 5 0
github.com/kevensen/gollama-chat/internal/tui/tabs/chat/chat.go:337.62,339.30 1 0
github.com/kevensen/gollama-chat/internal/tui/tabs/chat/chat.go:339.30,341.16 1 0
github.com/kevensen/gollama-chat/internal/tui/tabs/chat/chat.go:342.22,343.39 1 0
github.com/kevensen/gollama-chat/internal/tui/tabs/chat/chat.go:343.39,346.7 2 0
github.com/kevensen/gollama-chat/internal/tui/tabs/chat/chat.go:348.5,348.18 1 0
github.com/kevensen/gollama-chat/internal/tui/tabs/chat/chat.go:349.10,353.5 3 0
github.com/kevensen/gollama-chat/internal/tui/tabs/chat/chat.go:355.13,356.26 1 0
github.com/kevensen/gollama-chat/internal/tui/tabs/chat/chat.go:356.26,359.5 2 0
github.com/kevensen/gollama-chat/internal/tui/tabs/chat/chat.go:360.4,360.17 1 0
github.com/kevensen/gollama-chat/internal/tui/tabs/chat/chat.go:362.15,370.40 4 0
github.com/kevensen/gollama-chat/internal/tui/tabs/chat/chat.go:370.40,372.35 2 0
github.com/kevensen/gollama-chat/internal/tui/tabs/chat/chat.go:372.35,375.6 2 0
github.com/kevensen/gollama-chat/internal/tui/tabs/chat/chat.go:377.4,377.17 1 0
github.com/kevensen/gollama-chat/internal/tui/tabs/chat/chat.go:379.15,384.20 4 0
github.com/kevensen/gollama-chat/internal/tui/tabs/chat/chat.go:384.20,386.5 1 0
github.com/kevensen/gollama-chat/internal/tui/tabs/chat/chat.go:388.4,389.26 2 0
github.com/kevensen/gollama-chat/internal/tui/tabs/chat/chat.go:389.26,391.5 1 0
github.com/kevensen/gollama-chat/internal/tui/tabs/chat/chat.go:392.4,393.17 2 0
github.com/kevensen/gollama-chat/internal/tui/tabs/chat/chat.go:395.17,404.40 5 0
github.com/kevensen/gollama-chat/internal/tui/tabs/chat/chat.go:404.40,407.35 3 0
github.com/kevensen/gollama-chat/internal/tui/tabs/chat/chat.go:407.35,409.6 1 0
github.com/kevensen/gollama-chat/internal/tui/tabs/chat/chat.go:410.5,410.33 1 0
github.com/kevensen/gollama-chat/internal/tui/tabs/chat/chat.go:412.4,412.17 1 0
github.com/kevensen/gollama-chat/internal/tui/tabs/chat/chat.go:414.11,418.30 2 0
github.com/kevensen/gollama-chat/internal/tui/tabs/chat/chat.go:418.30,420.50 1 0
github.com/kevensen/gollama-chat/internal/tui/tabs/chat/chat.go:420.50,424.6 3 0
github.com/kevensen/gollama-chat/internal/tui/tabs/chat/chat.go:424.11,426.6 1 0
github.com/kevensen/gollama-chat/internal/tui/tabs/chat/chat.go:427.5,427.18 1 0
github.com/kevensen/gollama-chat/internal/tui/tabs/chat/chat.go:428.10,433.5 4 0
github.com/kevensen/gollama-chat/internal/tui/tabs/chat/chat.go:438.2,438.27 1 1
github.com/kevensen/gollama-chat/internal/tui/tabs/chat/chat.go:440.22,441.39 1 1
github.com/kevensen/gollama-chat/internal/tui/tabs/chat/chat.go:443.20,446.16 2 1
github.com/kevensen/gollama-chat/internal/tui/tabs/chat/chat.go:448.19,450.21 2 1
github.com/kevensen/gollama-chat/internal/tui/tabs/chat/chat.go:450.21,458.4 2 1
github.com/kevensen/gollama-chat/internal/tui/tabs/chat/chat.go:458.9,466.4 2 1
github.com/kevensen/gollama-chat/internal/tui/tabs/chat/chat.go:469.3,477.21 5 1
github.com/kevensen/gollama-chat/internal/tui/tabs/chat/chat.go:480.2,480.15 1 1
github.com/kevensen/gollama-chat/internal/tui/tabs/chat/chat.go:484.30,485.35 1 0
github.com/kevensen/gollama-chat/internal/tui/tabs/chat/chat.go:485.35,487.3 1 0
github.com/kevensen/gollama-chat/internal/tui/tabs/chat/chat.go:492.2,496.24 3 0
github.com/kevensen/gollama-chat/internal/tui/tabs/chat/chat.go:496.24,497.66 1 0
github.com/kevensen/gollama-chat/internal/tui/tabs/chat/chat.go:497.66,501.4 3 0
github.com/kevensen/gollama-chat/internal/tui/tabs/chat/chat.go:501.9,503.4 1 0
github.com/kevensen/gollama-chat/internal/tui/tabs/chat/chat.go:504.3,504.52 1 0
github.com/kevensen/gollama-chat/internal/tui/tabs/chat/chat.go:508.2,508.57 1 0
github.com/kevensen/gollama-chat/internal/tui/tabs/chat/chat.go:508.57,512.3 3 0
github.com/kevensen/gollama-chat/internal/tui/tabs/chat/chat.go:512.8,514.3 1 0
github.com/kevensen/gollama-chat/internal/tui/tabs/chat/chat.go:515.2,518.53 2 0
github.com/kevensen/gollama-chat/internal/tui/tabs/chat/chat.go:518.53,522.3 3 0
github.com/kevensen/gollama-chat/internal/tui/tabs/chat/chat.go:522.8,524.3 1 0
github.com/kevensen/gollama-chat/internal/tui/tabs/chat/chat.go:525.2,536.3 4 0
github.com/kevensen/gollama-chat/internal/tui/tabs/chat/chat.go:540.33,547.38 4 1
github.com/kevensen/gollama-chat/internal/tui/tabs/chat/chat.go:547.38,549.3 1 1
github.com/kevensen/gollama-chat/internal/tui/tabs/chat/chat.go:549.8,551.3 1 0
github.com/kevensen/gollama-chat/internal/tui/tabs/chat/chat.go:556.58,558.16 1 1
github.com/kevensen/gollama-chat/internal/tui/tabs/chat/chat.go:558.16,560.3 1 1
github.com/kevensen/gollama-chat/internal/tui/tabs/chat/chat.go:563.2,563.24 1 1
github.com/kevensen/gollama-chat/internal/tui/tabs/chat/chat.go:563.24,565.3 1 1
github.com/kevensen/gollama-chat/internal/tui/tabs/chat/chat.go:567.2,568.21 2 1
github.com/kevensen/gollama-chat/internal/tui/tabs/chat/chat.go:568.21,570.3 1 0
github.com/kevensen/gollama-chat/internal/tui/tabs/chat/chat.go:573.2,579.29 4 1
github.com/kevensen/gollama-chat/internal/tui/tabs/chat/chat.go:579.29,581.20 1 1
github.com/kevensen/gollama-chat/internal/tui/tabs/chat/chat.go:581.20,583.4 1 1
github.com/kevensen/gollama-chat/internal/tui/tabs/chat/chat.go:583.9,583.43 1 1
github.com/kevensen/gollama-chat/internal/tui/tabs/chat/chat.go:583.43,586.4 2 1
github.com/kevensen/gollama-chat/internal/tui/tabs/chat/chat.go:586.9,591.4 3 1
github.com/kevensen/gollama-chat/internal/tui/tabs/chat/chat.go:595.2,595.18 1 1
github.com/kevensen/gollama-chat/internal/tui/tabs/chat/chat.go:595.18,597.3 1 1
github.com/kevensen/gollama-chat/internal/tui/tabs/chat/chat.go:599.2,599.14 1 1
github.com/kevensen/gollama-chat/internal/tui/tabs/chat/chat.go:603.42,619.21 7 0
github.com/kevensen/gollama-chat/internal/tui/tabs/chat/chat.go:619.21,621.24 2 0
github.com/kevensen/gollama-chat/internal/tui/tabs/chat/chat.go:621.24,623.4 1 0
github.com/kevensen/gollama-chat/internal/tui/tabs/chat/chat.go:627.2,629.35 2 0
github.com/kevensen/gollama-chat/internal/tui/tabs/chat/chat.go:634.49,636.72 1 0
github.com/kevensen/gollama-chat/internal/tui/tabs/chat/chat.go:636.72,638.3 1 0
github.com/kevensen/gollama-chat/internal/tui/tabs/chat/chat.go:642.2,648.20 4 0
github.com/kevensen/gollama-chat/internal/tui/tabs/chat/chat.go:652.45,654.2 1 1
github.com/kevensen/gollama-chat/internal/tui/tabs/chat/chat.go:658.53,660.29 1 1
github.com/kevensen/gollama-chat/internal/tui/tabs/chat/chat.go:660.29,662.3 1 1
github.com/kevensen/gollama-chat/internal/tui/tabs/chat/chat.go:665.2,665.30 1 1
github.com/kevensen/gollama-chat/internal/tui/tabs/chat/chat.go:665.30,667.3 1 1
github.com/kevensen/gollama-chat/internal/tui/tabs/chat/chat.go:670.2,673.28 2 1
github.com/kevensen/gollama-chat/internal/tui/tabs/chat/chat.go:673.28,679.3 4 1
github.com/kevensen/gollama-chat/internal/tui/tabs/chat/chat.go:682.2,684.13 3 1
github.com/kevensen/gollama-chat/internal/tui/tabs/chat/message_cache.go:23.38,28.2 1 1
github.com/kevensen/gollama-chat/internal/tui/tabs/chat/message_cache.go:31.90,36.26 2 1
github.com/kevensen/gollama-chat/internal/tui/tabs/chat/message_cache.go:36.26,40.3 3 1
github.com/kevensen/gollama-chat/internal/tui/tabs/chat/message_cache.go:43.2,43.65 1 1
github.com/kevensen/gollama-chat/internal/tui/tabs/chat/message_cache.go:43.65,45.3 1 1
github.com/kevensen/gollama-chat/internal/tui/tabs/chat/message_cache.go:48.2,53.14 3 1
github.com/kevensen/gollama-chat/internal/tui/tabs/chat/message_cache.go:57.42,59.2 1 1
github.com/kevensen/gollama-chat/internal/tui/tabs/chat/message_cache.go:62.57,63.48 1 1
github.com/kevensen/gollama-chat/internal/tui/tabs/chat/message_cache.go:63.48,65.3 1 1
github.com/kevensen/gollama-chat/internal/tui/tabs/chat/message_cache.go:68.2,69.37 2 1
github.com/kevensen/gollama-chat/internal/tui/tabs/chat/message_cache.go:69.37,72.3 2 1
github.com/kevensen/gollama-chat/internal/tui/tabs/chat/message_cache.go:74.2,77.15 3 1
github.com/kevensen/gollama-chat/internal/tui/tabs/chat/message_cache.go:81.63,91.30 4 1
github.com/kevensen/gollama-chat/internal/tui/tabs/chat/message_cache.go:91.30,97.3 2 1
github.com/kevensen/gollama-chat/internal/tui/tabs/chat/message_cache.go:99.2,102.37 2 1
github.com/kevensen/gollama-chat/internal/tui/tabs/chat/message_cache.go:102.37,105.3 2 1
github.com/kevensen/gollama-chat/internal/tui/tabs/chat/message_cache.go:109.2,112.35 2 1
github.com/kevensen/gollama-chat/internal/tui/tabs/chat/message_cache.go:112.35,115.3 1 1
github.com/kevensen/gollama-chat/internal/tui/tabs/chat/message_cache.go:115.8,121.26 3 0
github.com/kevensen/gollama-chat/internal/tui/tabs/chat/message_cache.go:121.26,124.20 3 0
github.com/kevensen/gollama-chat/internal/tui/tabs/chat/message_cache.go:124.20,126.5 1 0
github.com/kevensen/gollama-chat/internal/tui/tabs/chat/message_cache.go:129.3,129.39 1 0
github.com/kevensen/gollama-chat/internal/tui/tabs/chat/message_cache.go:133.2,136.37 2 1
github.com/kevensen/gollama-chat/internal/tui/tabs/chat/messages.go:15.51,16.32 1 1
github.com/kevensen/gollama-chat/internal/tui/tabs/chat/messages.go:16.32,20.75 2 0
github.com/kevensen/gollama-chat/internal/tui/tabs/chat/messages.go:20.75,22.70 2 0
github.com/kevensen/gollama-chat/internal/tui/tabs/chat/messages.go:22.70,25.5 1 0
github.com/kevensen/gollama-chat/internal/tui/tabs/chat/messages.go:25.10,27.5 1 0
github.com/kevensen/gollama-chat/internal/tui/tabs/chat/messages.go:28.9,30.4 1 0
github.com/kevensen/gollama-chat/internal/tui/tabs/chat/messages.go:33.3,34.17 2 0
github.com/kevensen/gollama-chat/internal/tui/tabs/chat/messages.go:34.17,36.4 1 0
github.com/kevensen/gollama-chat/internal/tui/tabs/chat/messages.go:39.3,40.17 2 0
github.com/kevensen/gollama-chat/internal/tui/tabs/chat/messages.go:40.17,42.4 1 0
github.com/kevensen/gollama-chat/internal/tui/tabs/chat/messages.go:43.3,51.34 3 0
github.com/kevensen/gollama-chat/internal/tui/tabs/chat/messages.go:51.34,56.4 1 0
github.com/kevensen/gollama-chat/internal/tui/tabs/chat/messages.go:59.3,59.34 1 0
github.com/kevensen/gollama-chat/internal/tui/tabs/chat/messages.go:59.34,64.4 1 0
github.com/kevensen/gollama-chat/internal/tui/tabs/chat/messages.go:67.3,92.79 7 0
github.com/kevensen/gollama-chat/internal/tui/tabs/chat/messages.go:92.79,94.26 1 0
github.com/kevensen/gollama-chat/internal/tui/tabs/chat/messages.go:94.26,97.5 2 0
github.com/kevensen/gollama-chat/internal/tui/tabs/chat/messages.go:99.4,100.14 2 0
github.com/kevensen/gollama-chat/internal/tui/tabs/chat/messages.go:103.3,103.17 1 0
github.com/kevensen/gollama-chat/internal/tui/tabs/chat/messages.go:103.17,104.26 1 0
github.com/kevensen/gollama-chat/internal/tui/tabs/chat/messages.go:104.26,106.5 1 0
github.com/kevensen/gollama-chat/internal/tui/tabs/chat/messages.go:107.4,107.71 1 0
github.com/kevensen/gollama-chat/internal/tui/tabs/chat/messages.go:110.3,110.53 1 0
github.com/kevensen/gollama-chat/internal/tui/tabs/chat/messages.go:116.46,121.25 2 1
github.com/kevensen/gollama-chat/internal/tui/tabs/chat/messages.go:121.25,122.34 1 1
github.com/kevensen/gollama-chat/internal/tui/tabs/chat/messages.go:122.34,127.4 3 1
github.com/kevensen/gollama-chat/internal/tui/tabs/chat/messages.go:130.2,130.15 1 1
github.com/kevensen/gollama-chat/internal/tui/tabs/chat/messages.go:134.52,144.24 5 1
github.com/kevensen/gollama-chat/internal/tui/tabs/chat/messages.go:144.24,146.3 1 1
github.com/kevensen/gollama-chat/internal/tui/tabs/chat/messages.go:146.8,148.3 1 1
github.com/kevensen/gollama-chat/internal/tui/tabs/chat/messages.go:149.2,159.14 6 1
github.com/kevensen/gollama-chat/internal/tui/tabs/chat/model_context.go:29.82,33.54 3 0
github.com/kevensen/gollama-chat/internal/tui/tabs/chat/model_context.go:33.54,36.3 2 0
github.com/kevensen/gollama-chat/internal/tui/tabs/chat/model_context.go:37.2,44.16 4 0
github.com/kevensen/gollama-chat/internal/tui/tabs/chat/model_context.go:44.16,46.3 1 0
github.com/kevensen/gollama-chat/internal/tui/tabs/chat/model_context.go:49.2,51.16 3 0
github.com/kevensen/gollama-chat/internal/tui/tabs/chat/model_context.go:51.16,53.3 1 0
github.com/kevensen/gollama-chat/internal/tui/tabs/chat/model_context.go:54.2,56.38 2 0
github.com/kevensen/gollama-chat/internal/tui/tabs/chat/model_context.go:56.38,58.3 1 0
github.com/kevensen/gollama-chat/internal/tui/tabs/chat/model_context.go:61.2,62.69 2 0
github.com/kevensen/gollama-chat/internal/tui/tabs/chat/model_context.go:62.69,64.3 1 0
github.com/kevensen/gollama-chat/internal/tui/tabs/chat/model_context.go:67.2,68.42 2 0
github.com/kevensen/gollama-chat/internal/tui/tabs/chat/model_context.go:68.42,70.3 1 0
github.com/kevensen/gollama-chat/internal/tui/tabs/chat/model_context.go:70.8,70.56 1 0
github.com/kevensen/gollama-chat/internal/tui/tabs/chat/model_context.go:70.56,72.3 1 0
github.com/kevensen/gollama-chat/internal/tui/tabs/chat/model_context.go:72.8,74.3 1 0
github.com/kevensen/gollama-chat/internal/tui/tabs/chat/model_context.go:77.2,77.21 1 0
github.com/kevensen/gollama-chat/internal/tui/tabs/chat/model_context.go:77.21,81.3 3 0
github.com/kevensen/gollama-chat/internal/tui/tabs/chat/model_context.go:83.2,83.25 1 0
github.com/kevensen/gollama-chat/internal/tui/tabs/chat/model_context.go:87.51,89.50 1 0
github.com/kevensen/gollama-chat/internal/tui/tabs/chat/model_context.go:89.50,91.3 1 0
github.com/kevensen/gollama-chat/internal/tui/tabs/chat/model_context.go:94.2,94.45 1 0
github.com/kevensen/gollama-chat/internal/tui/tabs/chat/model_context.go:94.45,96.41 1 0
github.com/kevensen/gollama-chat/internal/tui/tabs/chat/model_context.go:96.41,98.4 1 0
github.com/kevensen/gollama-chat/internal/tui/tabs/chat/model_context.go:102.2,105.45 3 0
github.com/kevensen/gollama-chat/internal/tui/tabs/chat/model_context.go:105.45,106.41 1 0
github.com/kevensen/gollama-chat/internal/tui/tabs/chat/model_context.go:106.41,108.4 1 0
github.com/kevensen/gollama-chat/internal/tui/tabs/chat/model_context.go:112.2,112.13 1 0
github.com/kevensen/gollama-chat/internal/tui/tabs/chat/model_context.go:116.58,118.49 1 0
github.com/kevensen/gollama-chat/internal/tui/tabs/chat/model_context.go:118.49,120.29 2 0
github.com/kevensen/gollama-chat/internal/tui/tabs/chat/model_context.go:120.29,122.4 1 0
github.com/kevensen/gollama-chat/internal/tui/tabs/chat/model_context.go:127.2,127.42 1 0
github.com/kevensen/gollama-chat/internal/tui/tabs/chat/styles.go:29.29,59.2 1 1
github.com/kevensen/gollama-chat/internal/tui/tabs/chat/system_prompt.go:11.44,12.25 1 1
github.com/kevensen/gollama-chat/internal/tui/tabs/chat/system_prompt.go:12.25,14.3 1 1
github.com/kevensen/gollama-chat/internal/tui/tabs/chat/system_prompt.go:16.2,17.28 2 1
github.com/kevensen/gollama-chat/internal/tui/tabs/chat/system_prompt.go:17.28,19.3 1 1
github.com/kevensen/gollama-chat/internal/tui/tabs/chat/system_prompt.go:19.8,21.3 1 1
github.com/kevensen/gollama-chat/internal/tui/tabs/chat/system_prompt.go:24.2,33.30 4 1
github.com/kevensen/gollama-chat/internal/tui/tabs/chat/system_prompt.go:33.30,35.3 1 1
github.com/kevensen/gollama-chat/internal/tui/tabs/chat/system_prompt.go:37.2,37.21 1 1
github.com/kevensen/gollama-chat/internal/tui/tabs/chat/system_prompt.go:41.44,42.25 1 1
github.com/kevensen/gollama-chat/internal/tui/tabs/chat/system_prompt.go:42.25,44.3 1 1
github.com/kevensen/gollama-chat/internal/tui/tabs/chat/system_prompt.go:46.2,49.28 3 1
github.com/kevensen/gollama-chat/internal/tui/tabs/chat/system_prompt.go:49.28,53.3 2 1
github.com/kevensen/gollama-chat/internal/tui/tabs/chat/system_prompt.go:53.8,57.3 2 1
github.com/kevensen/gollama-chat/internal/tui/tabs/chat/system_prompt.go:60.2,63.43 2 1
github.com/kevensen/gollama-chat/internal/tui/tabs/chat/system_prompt.go:63.43,64.29 1 1
github.com/kevensen/gollama-chat/internal/tui/tabs/chat/system_prompt.go:64.29,66.4 1 1
github.com/kevensen/gollama-chat/internal/tui/tabs/chat/system_prompt.go:66.9,68.4 1 1
github.com/kevensen/gollama-chat/internal/tui/tabs/chat/system_prompt.go:72.2,77.41 3 1
github.com/kevensen/gollama-chat/internal/tui/tabs/chat/system_prompt.go:77.41,80.30 2 1
github.com/kevensen/gollama-chat/internal/tui/tabs/chat/system_prompt.go:80.30,82.4 1 1
github.com/kevensen/gollama-chat/internal/tui/tabs/chat/system_prompt.go:84.2,91.28 4 1
github.com/kevensen/gollama-chat/internal/tui/tabs/chat/system_prompt.go:91.28,94.3 1 1
github.com/kevensen/gollama-chat/internal/tui/tabs/chat/system_prompt.go:96.2,96.30 1 1
github.com/kevensen/gollama-chat/internal/tui/tabs/chat/token_counts.go:9.36,13.33 2 1
github.com/kevensen/gollama-chat/internal/tui/tabs/chat/token_counts.go:13.33,15.3 1 0
github.com/kevensen/gollama-chat/internal/tui/tabs/chat/token_counts.go:18.2,18.33 1 1
github.com/kevensen/gollama-chat/internal/tui/tabs/chat/token_counts.go:18.33,20.3 1 1
github.com/kevensen/gollama-chat/internal/tui/tabs/chat/token_counts.go:23.2,23.58 1 1
github.com/kevensen/gollama-chat/internal/tui/tabs/chat/token_counts.go:23.58,25.3 1 0
github.com/kevensen/gollama-chat/internal/tui/tabs/chat/token_counts.go:28.2,28.42 1 1
github.com/kevensen/gollama-chat/internal/tui/tabs/chat/token_counts.go:32.38,38.28 3 1
github.com/kevensen/gollama-chat/internal/tui/tabs/chat/token_counts.go:38.28,39.29 1 1
github.com/kevensen/gollama-chat/internal/tui/tabs/chat/token_counts.go:39.29,41.4 1 1
github.com/kevensen/gollama-chat/internal/tui/tabs/chat/token_counts.go:45.2,49.59 3 1
github.com/kevensen/gollama-chat/internal/tui/tabs/chat/token_counts.go:49.59,51.3 1 1
github.com/kevensen/gollama-chat/internal/tui/tabs/chat/token_counts.go:53.2,53.22 1 1
